The system is: Linux - 5.3.0-62-generic - x86_64
Compiling the C compiler identification source file "CMakeCCompilerId.c" succeeded.
Compiler: /usr/bin/cc 
Build flags: 
Id flags:  

The output was:
0


Compilation of the C compiler identification source "CMakeCCompilerId.c" produced "a.out"

The C compiler identification is GNU, found in "/home/hduser/Documents/Our_Project/hadoop-3.0.0-src/hadoop-yarn-project/hadoop-yarn/hadoop-yarn-server/hadoop-yarn-server-nodemanager/target/native/CMakeFiles/3.10.2/CompilerIdC/a.out"

Compiling the CXX compiler identification source file "CMakeCXXCompilerId.cpp" succeeded.
Compiler: /usr/bin/c++ 
Build flags: 
Id flags:  

The output was:
0


Compilation of the CXX compiler identification source "CMakeCXXCompilerId.cpp" produced "a.out"

The CXX compiler identification is GNU, found in "/home/hduser/Documents/Our_Project/hadoop-3.0.0-src/hadoop-yarn-project/hadoop-yarn/hadoop-yarn-server/hadoop-yarn-server-nodemanager/target/native/CMakeFiles/3.10.2/CompilerIdCXX/a.out"

Determining if the C compiler works passed with the following output:
Change Dir: /home/hduser/Documents/Our_Project/hadoop-3.0.0-src/hadoop-yarn-project/hadoop-yarn/hadoop-yarn-server/hadoop-yarn-server-nodemanager/target/native/CMakeFiles/CMakeTmp

Run Build Command:"/usr/bin/make" "cmTC_de60d/fast"
/usr/bin/make -f CMakeFiles/cmTC_de60d.dir/build.make CMakeFiles/cmTC_de60d.dir/build
make[1]: Entering directory '/home/hduser/Documents/Our_Project/hadoop-3.0.0-src/hadoop-yarn-project/hadoop-yarn/hadoop-yarn-server/hadoop-yarn-server-nodemanager/target/native/CMakeFiles/CMakeTmp'
Building C object CMakeFiles/cmTC_de60d.dir/testCCompiler.c.o
/usr/bin/cc    -o CMakeFiles/cmTC_de60d.dir/testCCompiler.c.o   -c /home/hduser/Documents/Our_Project/hadoop-3.0.0-src/hadoop-yarn-project/hadoop-yarn/hadoop-yarn-server/hadoop-yarn-server-nodemanager/target/native/CMakeFiles/CMakeTmp/testCCompiler.c
Linking C executable cmTC_de60d
/usr/bin/cmake -E cmake_link_script CMakeFiles/cmTC_de60d.dir/link.txt --verbose=1
/usr/bin/cc      -rdynamic CMakeFiles/cmTC_de60d.dir/testCCompiler.c.o  -o cmTC_de60d 
make[1]: Leaving directory '/home/hduser/Documents/Our_Project/hadoop-3.0.0-src/hadoop-yarn-project/hadoop-yarn/hadoop-yarn-server/hadoop-yarn-server-nodemanager/target/native/CMakeFiles/CMakeTmp'


Detecting C compiler ABI info compiled with the following output:
Change Dir: /home/hduser/Documents/Our_Project/hadoop-3.0.0-src/hadoop-yarn-project/hadoop-yarn/hadoop-yarn-server/hadoop-yarn-server-nodemanager/target/native/CMakeFiles/CMakeTmp

Run Build Command:"/usr/bin/make" "cmTC_a32ad/fast"
/usr/bin/make -f CMakeFiles/cmTC_a32ad.dir/build.make CMakeFiles/cmTC_a32ad.dir/build
make[1]: Entering directory '/home/hduser/Documents/Our_Project/hadoop-3.0.0-src/hadoop-yarn-project/hadoop-yarn/hadoop-yarn-server/hadoop-yarn-server-nodemanager/target/native/CMakeFiles/CMakeTmp'
Building C object CMakeFiles/cmTC_a32ad.dir/CMakeCCompilerABI.c.o
/usr/bin/cc    -o CMakeFiles/cmTC_a32ad.dir/CMakeCCompilerABI.c.o   -c /usr/share/cmake-3.10/Modules/CMakeCCompilerABI.c
Linking C executable cmTC_a32ad
/usr/bin/cmake -E cmake_link_script CMakeFiles/cmTC_a32ad.dir/link.txt --verbose=1
/usr/bin/cc     -v -rdynamic CMakeFiles/cmTC_a32ad.dir/CMakeCCompilerABI.c.o  -o cmTC_a32ad 
Using built-in specs.
COLLECT_GCC=/usr/bin/cc
COLLECT_LTO_WRAPPER=/usr/lib/gcc/x86_64-linux-gnu/7/lto-wrapper
OFFLOAD_TARGET_NAMES=nvptx-none
OFFLOAD_TARGET_DEFAULT=1
Target: x86_64-linux-gnu
Configured with: ../src/configure -v --with-pkgversion='Ubuntu 7.5.0-3ubuntu1~18.04' --with-bugurl=file:///usr/share/doc/gcc-7/README.Bugs --enable-languages=c,ada,c++,go,brig,d,fortran,objc,obj-c++ --prefix=/usr --with-gcc-major-version-only --program-suffix=-7 --program-prefix=x86_64-linux-gnu- --enable-shared --enable-linker-build-id --libexecdir=/usr/lib --without-included-gettext --enable-threads=posix --libdir=/usr/lib --enable-nls --enable-bootstrap --enable-clocale=gnu --enable-libstdcxx-debug --enable-libstdcxx-time=yes --with-default-libstdcxx-abi=new --enable-gnu-unique-object --disable-vtable-verify --enable-libmpx --enable-plugin --enable-default-pie --with-system-zlib --with-target-system-zlib --enable-objc-gc=auto --enable-multiarch --disable-werror --with-arch-32=i686 --with-abi=m64 --with-multilib-list=m32,m64,mx32 --enable-multilib --with-tune=generic --enable-offload-targets=nvptx-none --without-cuda-driver --enable-checking=release --build=x86_64-linux-gnu --host=x86_64-linux-gnu --target=x86_64-linux-gnu
Thread model: posix
gcc version 7.5.0 (Ubuntu 7.5.0-3ubuntu1~18.04) 
COMPILER_PATH=/usr/lib/gcc/x86_64-linux-gnu/7/:/usr/lib/gcc/x86_64-linux-gnu/7/:/usr/lib/gcc/x86_64-linux-gnu/:/usr/lib/gcc/x86_64-linux-gnu/7/:/usr/lib/gcc/x86_64-linux-gnu/
LIBRARY_PATH=/usr/lib/gcc/x86_64-linux-gnu/7/:/usr/lib/gcc/x86_64-linux-gnu/7/../../../x86_64-linux-gnu/:/usr/lib/gcc/x86_64-linux-gnu/7/../../../../lib/:/lib/x86_64-linux-gnu/:/lib/../lib/:/usr/lib/x86_64-linux-gnu/:/usr/lib/../lib/:/usr/lib/gcc/x86_64-linux-gnu/7/../../../:/lib/:/usr/lib/
COLLECT_GCC_OPTIONS='-v' '-rdynamic' '-o' 'cmTC_a32ad' '-mtune=generic' '-march=x86-64'
 /usr/lib/gcc/x86_64-linux-gnu/7/collect2 -plugin /usr/lib/gcc/x86_64-linux-gnu/7/liblto_plugin.so -plugin-opt=/usr/lib/gcc/x86_64-linux-gnu/7/lto-wrapper -plugin-opt=-fresolution=/tmp/cci3NG0J.res -plugin-opt=-pass-through=-lgcc -plugin-opt=-pass-through=-lgcc_s -plugin-opt=-pass-through=-lc -plugin-opt=-pass-through=-lgcc -plugin-opt=-pass-through=-lgcc_s --build-id --eh-frame-hdr -m elf_x86_64 --hash-style=gnu --as-needed -export-dynamic -dynamic-linker /lib64/ld-linux-x86-64.so.2 -pie -z now -z relro -o cmTC_a32ad /usr/lib/gcc/x86_64-linux-gnu/7/../../../x86_64-linux-gnu/Scrt1.o /usr/lib/gcc/x86_64-linux-gnu/7/../../../x86_64-linux-gnu/crti.o /usr/lib/gcc/x86_64-linux-gnu/7/crtbeginS.o -L/usr/lib/gcc/x86_64-linux-gnu/7 -L/usr/lib/gcc/x86_64-linux-gnu/7/../../../x86_64-linux-gnu -L/usr/lib/gcc/x86_64-linux-gnu/7/../../../../lib -L/lib/x86_64-linux-gnu -L/lib/../lib -L/usr/lib/x86_64-linux-gnu -L/usr/lib/../lib -L/usr/lib/gcc/x86_64-linux-gnu/7/../../.. CMakeFiles/cmTC_a32ad.dir/CMakeCCompilerABI.c.o -lgcc --push-state --as-needed -lgcc_s --pop-state -lc -lgcc --push-state --as-needed -lgcc_s --pop-state /usr/lib/gcc/x86_64-linux-gnu/7/crtendS.o /usr/lib/gcc/x86_64-linux-gnu/7/../../../x86_64-linux-gnu/crtn.o
COLLECT_GCC_OPTIONS='-v' '-rdynamic' '-o' 'cmTC_a32ad' '-mtune=generic' '-march=x86-64'
make[1]: Leaving directory '/home/hduser/Documents/Our_Project/hadoop-3.0.0-src/hadoop-yarn-project/hadoop-yarn/hadoop-yarn-server/hadoop-yarn-server-nodemanager/target/native/CMakeFiles/CMakeTmp'


Parsed C implicit link information from above output:
  link line regex: [^( *|.*[/\])(ld|CMAKE_LINK_STARTFILE-NOTFOUND|([^/\]+-)?ld|collect2)[^/\]*( |$)]
  ignore line: [Change Dir: /home/hduser/Documents/Our_Project/hadoop-3.0.0-src/hadoop-yarn-project/hadoop-yarn/hadoop-yarn-server/hadoop-yarn-server-nodemanager/target/native/CMakeFiles/CMakeTmp]
  ignore line: []
  ignore line: [Run Build Command:"/usr/bin/make" "cmTC_a32ad/fast"]
  ignore line: [/usr/bin/make -f CMakeFiles/cmTC_a32ad.dir/build.make CMakeFiles/cmTC_a32ad.dir/build]
  ignore line: [make[1]: Entering directory '/home/hduser/Documents/Our_Project/hadoop-3.0.0-src/hadoop-yarn-project/hadoop-yarn/hadoop-yarn-server/hadoop-yarn-server-nodemanager/target/native/CMakeFiles/CMakeTmp']
  ignore line: [Building C object CMakeFiles/cmTC_a32ad.dir/CMakeCCompilerABI.c.o]
  ignore line: [/usr/bin/cc    -o CMakeFiles/cmTC_a32ad.dir/CMakeCCompilerABI.c.o   -c /usr/share/cmake-3.10/Modules/CMakeCCompilerABI.c]
  ignore line: [Linking C executable cmTC_a32ad]
  ignore line: [/usr/bin/cmake -E cmake_link_script CMakeFiles/cmTC_a32ad.dir/link.txt --verbose=1]
  ignore line: [/usr/bin/cc     -v -rdynamic CMakeFiles/cmTC_a32ad.dir/CMakeCCompilerABI.c.o  -o cmTC_a32ad ]
  ignore line: [Using built-in specs.]
  ignore line: [COLLECT_GCC=/usr/bin/cc]
  ignore line: [COLLECT_LTO_WRAPPER=/usr/lib/gcc/x86_64-linux-gnu/7/lto-wrapper]
  ignore line: [OFFLOAD_TARGET_NAMES=nvptx-none]
  ignore line: [OFFLOAD_TARGET_DEFAULT=1]
  ignore line: [Target: x86_64-linux-gnu]
  ignore line: [Configured with: ../src/configure -v --with-pkgversion='Ubuntu 7.5.0-3ubuntu1~18.04' --with-bugurl=file:///usr/share/doc/gcc-7/README.Bugs --enable-languages=c,ada,c++,go,brig,d,fortran,objc,obj-c++ --prefix=/usr --with-gcc-major-version-only --program-suffix=-7 --program-prefix=x86_64-linux-gnu- --enable-shared --enable-linker-build-id --libexecdir=/usr/lib --without-included-gettext --enable-threads=posix --libdir=/usr/lib --enable-nls --enable-bootstrap --enable-clocale=gnu --enable-libstdcxx-debug --enable-libstdcxx-time=yes --with-default-libstdcxx-abi=new --enable-gnu-unique-object --disable-vtable-verify --enable-libmpx --enable-plugin --enable-default-pie --with-system-zlib --with-target-system-zlib --enable-objc-gc=auto --enable-multiarch --disable-werror --with-arch-32=i686 --with-abi=m64 --with-multilib-list=m32,m64,mx32 --enable-multilib --with-tune=generic --enable-offload-targets=nvptx-none --without-cuda-driver --enable-checking=release --build=x86_64-linux-gnu --host=x86_64-linux-gnu --target=x86_64-linux-gnu]
  ignore line: [Thread model: posix]
  ignore line: [gcc version 7.5.0 (Ubuntu 7.5.0-3ubuntu1~18.04) ]
  ignore line: [COMPILER_PATH=/usr/lib/gcc/x86_64-linux-gnu/7/:/usr/lib/gcc/x86_64-linux-gnu/7/:/usr/lib/gcc/x86_64-linux-gnu/:/usr/lib/gcc/x86_64-linux-gnu/7/:/usr/lib/gcc/x86_64-linux-gnu/]
  ignore line: [LIBRARY_PATH=/usr/lib/gcc/x86_64-linux-gnu/7/:/usr/lib/gcc/x86_64-linux-gnu/7/../../../x86_64-linux-gnu/:/usr/lib/gcc/x86_64-linux-gnu/7/../../../../lib/:/lib/x86_64-linux-gnu/:/lib/../lib/:/usr/lib/x86_64-linux-gnu/:/usr/lib/../lib/:/usr/lib/gcc/x86_64-linux-gnu/7/../../../:/lib/:/usr/lib/]
  ignore line: [COLLECT_GCC_OPTIONS='-v' '-rdynamic' '-o' 'cmTC_a32ad' '-mtune=generic' '-march=x86-64']
  link line: [ /usr/lib/gcc/x86_64-linux-gnu/7/collect2 -plugin /usr/lib/gcc/x86_64-linux-gnu/7/liblto_plugin.so -plugin-opt=/usr/lib/gcc/x86_64-linux-gnu/7/lto-wrapper -plugin-opt=-fresolution=/tmp/cci3NG0J.res -plugin-opt=-pass-through=-lgcc -plugin-opt=-pass-through=-lgcc_s -plugin-opt=-pass-through=-lc -plugin-opt=-pass-through=-lgcc -plugin-opt=-pass-through=-lgcc_s --build-id --eh-frame-hdr -m elf_x86_64 --hash-style=gnu --as-needed -export-dynamic -dynamic-linker /lib64/ld-linux-x86-64.so.2 -pie -z now -z relro -o cmTC_a32ad /usr/lib/gcc/x86_64-linux-gnu/7/../../../x86_64-linux-gnu/Scrt1.o /usr/lib/gcc/x86_64-linux-gnu/7/../../../x86_64-linux-gnu/crti.o /usr/lib/gcc/x86_64-linux-gnu/7/crtbeginS.o -L/usr/lib/gcc/x86_64-linux-gnu/7 -L/usr/lib/gcc/x86_64-linux-gnu/7/../../../x86_64-linux-gnu -L/usr/lib/gcc/x86_64-linux-gnu/7/../../../../lib -L/lib/x86_64-linux-gnu -L/lib/../lib -L/usr/lib/x86_64-linux-gnu -L/usr/lib/../lib -L/usr/lib/gcc/x86_64-linux-gnu/7/../../.. CMakeFiles/cmTC_a32ad.dir/CMakeCCompilerABI.c.o -lgcc --push-state --as-needed -lgcc_s --pop-state -lc -lgcc --push-state --as-needed -lgcc_s --pop-state /usr/lib/gcc/x86_64-linux-gnu/7/crtendS.o /usr/lib/gcc/x86_64-linux-gnu/7/../../../x86_64-linux-gnu/crtn.o]
    arg [/usr/lib/gcc/x86_64-linux-gnu/7/collect2] ==> ignore
    arg [-plugin] ==> ignore
    arg [/usr/lib/gcc/x86_64-linux-gnu/7/liblto_plugin.so] ==> ignore
    arg [-plugin-opt=/usr/lib/gcc/x86_64-linux-gnu/7/lto-wrapper] ==> ignore
    arg [-plugin-opt=-fresolution=/tmp/cci3NG0J.res] ==> ignore
    arg [-plugin-opt=-pass-through=-lgcc] ==> ignore
    arg [-plugin-opt=-pass-through=-lgcc_s] ==> ignore
    arg [-plugin-opt=-pass-through=-lc] ==> ignore
    arg [-plugin-opt=-pass-through=-lgcc] ==> ignore
    arg [-plugin-opt=-pass-through=-lgcc_s] ==> ignore
    arg [--build-id] ==> ignore
    arg [--eh-frame-hdr] ==> ignore
    arg [-m] ==> ignore
    arg [elf_x86_64] ==> ignore
    arg [--hash-style=gnu] ==> ignore
    arg [--as-needed] ==> ignore
    arg [-export-dynamic] ==> ignore
    arg [-dynamic-linker] ==> ignore
    arg [/lib64/ld-linux-x86-64.so.2] ==> ignore
    arg [-pie] ==> ignore
    arg [-znow] ==> ignore
    arg [-zrelro] ==> ignore
    arg [-o] ==> ignore
    arg [cmTC_a32ad] ==> ignore
    arg [/usr/lib/gcc/x86_64-linux-gnu/7/../../../x86_64-linux-gnu/Scrt1.o] ==> ignore
    arg [/usr/lib/gcc/x86_64-linux-gnu/7/../../../x86_64-linux-gnu/crti.o] ==> ignore
    arg [/usr/lib/gcc/x86_64-linux-gnu/7/crtbeginS.o] ==> ignore
    arg [-L/usr/lib/gcc/x86_64-linux-gnu/7] ==> dir [/usr/lib/gcc/x86_64-linux-gnu/7]
    arg [-L/usr/lib/gcc/x86_64-linux-gnu/7/../../../x86_64-linux-gnu] ==> dir [/usr/lib/gcc/x86_64-linux-gnu/7/../../../x86_64-linux-gnu]
    arg [-L/usr/lib/gcc/x86_64-linux-gnu/7/../../../../lib] ==> dir [/usr/lib/gcc/x86_64-linux-gnu/7/../../../../lib]
    arg [-L/lib/x86_64-linux-gnu] ==> dir [/lib/x86_64-linux-gnu]
    arg [-L/lib/../lib] ==> dir [/lib/../lib]
    arg [-L/usr/lib/x86_64-linux-gnu] ==> dir [/usr/lib/x86_64-linux-gnu]
    arg [-L/usr/lib/../lib] ==> dir [/usr/lib/../lib]
    arg [-L/usr/lib/gcc/x86_64-linux-gnu/7/../../..] ==> dir [/usr/lib/gcc/x86_64-linux-gnu/7/../../..]
    arg [CMakeFiles/cmTC_a32ad.dir/CMakeCCompilerABI.c.o] ==> ignore
    arg [-lgcc] ==> lib [gcc]
    arg [--push-state] ==> ignore
    arg [--as-needed] ==> ignore
    arg [-lgcc_s] ==> lib [gcc_s]
    arg [--pop-state] ==> ignore
    arg [-lc] ==> lib [c]
    arg [-lgcc] ==> lib [gcc]
    arg [--push-state] ==> ignore
    arg [--as-needed] ==> ignore
    arg [-lgcc_s] ==> lib [gcc_s]
    arg [--pop-state] ==> ignore
    arg [/usr/lib/gcc/x86_64-linux-gnu/7/crtendS.o] ==> ignore
    arg [/usr/lib/gcc/x86_64-linux-gnu/7/../../../x86_64-linux-gnu/crtn.o] ==> ignore
  collapse library dir [/usr/lib/gcc/x86_64-linux-gnu/7] ==> [/usr/lib/gcc/x86_64-linux-gnu/7]
  collapse library dir [/usr/lib/gcc/x86_64-linux-gnu/7/../../../x86_64-linux-gnu] ==> [/usr/lib/x86_64-linux-gnu]
  collapse library dir [/usr/lib/gcc/x86_64-linux-gnu/7/../../../../lib] ==> [/usr/lib]
  collapse library dir [/lib/x86_64-linux-gnu] ==> [/lib/x86_64-linux-gnu]
  collapse library dir [/lib/../lib] ==> [/lib]
  collapse library dir [/usr/lib/x86_64-linux-gnu] ==> [/usr/lib/x86_64-linux-gnu]
  collapse library dir [/usr/lib/../lib] ==> [/usr/lib]
  collapse library dir [/usr/lib/gcc/x86_64-linux-gnu/7/../../..] ==> [/usr/lib]
  implicit libs: [gcc;gcc_s;c;gcc;gcc_s]
  implicit dirs: [/usr/lib/gcc/x86_64-linux-gnu/7;/usr/lib/x86_64-linux-gnu;/usr/lib;/lib/x86_64-linux-gnu;/lib]
  implicit fwks: []




Detecting C [-std=c11] compiler features compiled with the following output:
Change Dir: /home/hduser/Documents/Our_Project/hadoop-3.0.0-src/hadoop-yarn-project/hadoop-yarn/hadoop-yarn-server/hadoop-yarn-server-nodemanager/target/native/CMakeFiles/CMakeTmp

Run Build Command:"/usr/bin/make" "cmTC_f489d/fast"
/usr/bin/make -f CMakeFiles/cmTC_f489d.dir/build.make CMakeFiles/cmTC_f489d.dir/build
make[1]: Entering directory '/home/hduser/Documents/Our_Project/hadoop-3.0.0-src/hadoop-yarn-project/hadoop-yarn/hadoop-yarn-server/hadoop-yarn-server-nodemanager/target/native/CMakeFiles/CMakeTmp'
Building C object CMakeFiles/cmTC_f489d.dir/feature_tests.c.o
/usr/bin/cc   -std=c11 -o CMakeFiles/cmTC_f489d.dir/feature_tests.c.o   -c /home/hduser/Documents/Our_Project/hadoop-3.0.0-src/hadoop-yarn-project/hadoop-yarn/hadoop-yarn-server/hadoop-yarn-server-nodemanager/target/native/CMakeFiles/feature_tests.c
Linking C executable cmTC_f489d
/usr/bin/cmake -E cmake_link_script CMakeFiles/cmTC_f489d.dir/link.txt --verbose=1
/usr/bin/cc      -rdynamic CMakeFiles/cmTC_f489d.dir/feature_tests.c.o  -o cmTC_f489d 
make[1]: Leaving directory '/home/hduser/Documents/Our_Project/hadoop-3.0.0-src/hadoop-yarn-project/hadoop-yarn/hadoop-yarn-server/hadoop-yarn-server-nodemanager/target/native/CMakeFiles/CMakeTmp'


    Feature record: C_FEATURE:1c_function_prototypes
    Feature record: C_FEATURE:1c_restrict
    Feature record: C_FEATURE:1c_static_assert
    Feature record: C_FEATURE:1c_variadic_macros


Detecting C [-std=c99] compiler features compiled with the following output:
Change Dir: /home/hduser/Documents/Our_Project/hadoop-3.0.0-src/hadoop-yarn-project/hadoop-yarn/hadoop-yarn-server/hadoop-yarn-server-nodemanager/target/native/CMakeFiles/CMakeTmp

Run Build Command:"/usr/bin/make" "cmTC_37d48/fast"
/usr/bin/make -f CMakeFiles/cmTC_37d48.dir/build.make CMakeFiles/cmTC_37d48.dir/build
make[1]: Entering directory '/home/hduser/Documents/Our_Project/hadoop-3.0.0-src/hadoop-yarn-project/hadoop-yarn/hadoop-yarn-server/hadoop-yarn-server-nodemanager/target/native/CMakeFiles/CMakeTmp'
Building C object CMakeFiles/cmTC_37d48.dir/feature_tests.c.o
/usr/bin/cc   -std=c99 -o CMakeFiles/cmTC_37d48.dir/feature_tests.c.o   -c /home/hduser/Documents/Our_Project/hadoop-3.0.0-src/hadoop-yarn-project/hadoop-yarn/hadoop-yarn-server/hadoop-yarn-server-nodemanager/target/native/CMakeFiles/feature_tests.c
Linking C executable cmTC_37d48
/usr/bin/cmake -E cmake_link_script CMakeFiles/cmTC_37d48.dir/link.txt --verbose=1
/usr/bin/cc      -rdynamic CMakeFiles/cmTC_37d48.dir/feature_tests.c.o  -o cmTC_37d48 
make[1]: Leaving directory '/home/hduser/Documents/Our_Project/hadoop-3.0.0-src/hadoop-yarn-project/hadoop-yarn/hadoop-yarn-server/hadoop-yarn-server-nodemanager/target/native/CMakeFiles/CMakeTmp'


    Feature record: C_FEATURE:1c_function_prototypes
    Feature record: C_FEATURE:1c_restrict
    Feature record: C_FEATURE:0c_static_assert
    Feature record: C_FEATURE:1c_variadic_macros


Detecting C [-std=c90] compiler features compiled with the following output:
Change Dir: /home/hduser/Documents/Our_Project/hadoop-3.0.0-src/hadoop-yarn-project/hadoop-yarn/hadoop-yarn-server/hadoop-yarn-server-nodemanager/target/native/CMakeFiles/CMakeTmp

Run Build Command:"/usr/bin/make" "cmTC_e3813/fast"
/usr/bin/make -f CMakeFiles/cmTC_e3813.dir/build.make CMakeFiles/cmTC_e3813.dir/build
make[1]: Entering directory '/home/hduser/Documents/Our_Project/hadoop-3.0.0-src/hadoop-yarn-project/hadoop-yarn/hadoop-yarn-server/hadoop-yarn-server-nodemanager/target/native/CMakeFiles/CMakeTmp'
Building C object CMakeFiles/cmTC_e3813.dir/feature_tests.c.o
/usr/bin/cc   -std=c90 -o CMakeFiles/cmTC_e3813.dir/feature_tests.c.o   -c /home/hduser/Documents/Our_Project/hadoop-3.0.0-src/hadoop-yarn-project/hadoop-yarn/hadoop-yarn-server/hadoop-yarn-server-nodemanager/target/native/CMakeFiles/feature_tests.c
Linking C executable cmTC_e3813
/usr/bin/cmake -E cmake_link_script CMakeFiles/cmTC_e3813.dir/link.txt --verbose=1
/usr/bin/cc      -rdynamic CMakeFiles/cmTC_e3813.dir/feature_tests.c.o  -o cmTC_e3813 
make[1]: Leaving directory '/home/hduser/Documents/Our_Project/hadoop-3.0.0-src/hadoop-yarn-project/hadoop-yarn/hadoop-yarn-server/hadoop-yarn-server-nodemanager/target/native/CMakeFiles/CMakeTmp'


    Feature record: C_FEATURE:1c_function_prototypes
    Feature record: C_FEATURE:0c_restrict
    Feature record: C_FEATURE:0c_static_assert
    Feature record: C_FEATURE:0c_variadic_macros
Determining if the CXX compiler works passed with the following output:
Change Dir: /home/hduser/Documents/Our_Project/hadoop-3.0.0-src/hadoop-yarn-project/hadoop-yarn/hadoop-yarn-server/hadoop-yarn-server-nodemanager/target/native/CMakeFiles/CMakeTmp

Run Build Command:"/usr/bin/make" "cmTC_12e92/fast"
/usr/bin/make -f CMakeFiles/cmTC_12e92.dir/build.make CMakeFiles/cmTC_12e92.dir/build
make[1]: Entering directory '/home/hduser/Documents/Our_Project/hadoop-3.0.0-src/hadoop-yarn-project/hadoop-yarn/hadoop-yarn-server/hadoop-yarn-server-nodemanager/target/native/CMakeFiles/CMakeTmp'
Building CXX object CMakeFiles/cmTC_12e92.dir/testCXXCompiler.cxx.o
/usr/bin/c++     -o CMakeFiles/cmTC_12e92.dir/testCXXCompiler.cxx.o -c /home/hduser/Documents/Our_Project/hadoop-3.0.0-src/hadoop-yarn-project/hadoop-yarn/hadoop-yarn-server/hadoop-yarn-server-nodemanager/target/native/CMakeFiles/CMakeTmp/testCXXCompiler.cxx
Linking CXX executable cmTC_12e92
/usr/bin/cmake -E cmake_link_script CMakeFiles/cmTC_12e92.dir/link.txt --verbose=1
/usr/bin/c++       -rdynamic CMakeFiles/cmTC_12e92.dir/testCXXCompiler.cxx.o  -o cmTC_12e92 
make[1]: Leaving directory '/home/hduser/Documents/Our_Project/hadoop-3.0.0-src/hadoop-yarn-project/hadoop-yarn/hadoop-yarn-server/hadoop-yarn-server-nodemanager/target/native/CMakeFiles/CMakeTmp'


Detecting CXX compiler ABI info compiled with the following output:
Change Dir: /home/hduser/Documents/Our_Project/hadoop-3.0.0-src/hadoop-yarn-project/hadoop-yarn/hadoop-yarn-server/hadoop-yarn-server-nodemanager/target/native/CMakeFiles/CMakeTmp

Run Build Command:"/usr/bin/make" "cmTC_38f95/fast"
/usr/bin/make -f CMakeFiles/cmTC_38f95.dir/build.make CMakeFiles/cmTC_38f95.dir/build
make[1]: Entering directory '/home/hduser/Documents/Our_Project/hadoop-3.0.0-src/hadoop-yarn-project/hadoop-yarn/hadoop-yarn-server/hadoop-yarn-server-nodemanager/target/native/CMakeFiles/CMakeTmp'
Building CXX object CMakeFiles/cmTC_38f95.dir/CMakeCXXCompilerABI.cpp.o
/usr/bin/c++     -o CMakeFiles/cmTC_38f95.dir/CMakeCXXCompilerABI.cpp.o -c /usr/share/cmake-3.10/Modules/CMakeCXXCompilerABI.cpp
Linking CXX executable cmTC_38f95
/usr/bin/cmake -E cmake_link_script CMakeFiles/cmTC_38f95.dir/link.txt --verbose=1
/usr/bin/c++      -v -rdynamic CMakeFiles/cmTC_38f95.dir/CMakeCXXCompilerABI.cpp.o  -o cmTC_38f95 
Using built-in specs.
COLLECT_GCC=/usr/bin/c++
COLLECT_LTO_WRAPPER=/usr/lib/gcc/x86_64-linux-gnu/7/lto-wrapper
OFFLOAD_TARGET_NAMES=nvptx-none
OFFLOAD_TARGET_DEFAULT=1
Target: x86_64-linux-gnu
Configured with: ../src/configure -v --with-pkgversion='Ubuntu 7.5.0-3ubuntu1~18.04' --with-bugurl=file:///usr/share/doc/gcc-7/README.Bugs --enable-languages=c,ada,c++,go,brig,d,fortran,objc,obj-c++ --prefix=/usr --with-gcc-major-version-only --program-suffix=-7 --program-prefix=x86_64-linux-gnu- --enable-shared --enable-linker-build-id --libexecdir=/usr/lib --without-included-gettext --enable-threads=posix --libdir=/usr/lib --enable-nls --enable-bootstrap --enable-clocale=gnu --enable-libstdcxx-debug --enable-libstdcxx-time=yes --with-default-libstdcxx-abi=new --enable-gnu-unique-object --disable-vtable-verify --enable-libmpx --enable-plugin --enable-default-pie --with-system-zlib --with-target-system-zlib --enable-objc-gc=auto --enable-multiarch --disable-werror --with-arch-32=i686 --with-abi=m64 --with-multilib-list=m32,m64,mx32 --enable-multilib --with-tune=generic --enable-offload-targets=nvptx-none --without-cuda-driver --enable-checking=release --build=x86_64-linux-gnu --host=x86_64-linux-gnu --target=x86_64-linux-gnu
Thread model: posix
gcc version 7.5.0 (Ubuntu 7.5.0-3ubuntu1~18.04) 
COMPILER_PATH=/usr/lib/gcc/x86_64-linux-gnu/7/:/usr/lib/gcc/x86_64-linux-gnu/7/:/usr/lib/gcc/x86_64-linux-gnu/:/usr/lib/gcc/x86_64-linux-gnu/7/:/usr/lib/gcc/x86_64-linux-gnu/
LIBRARY_PATH=/usr/lib/gcc/x86_64-linux-gnu/7/:/usr/lib/gcc/x86_64-linux-gnu/7/../../../x86_64-linux-gnu/:/usr/lib/gcc/x86_64-linux-gnu/7/../../../../lib/:/lib/x86_64-linux-gnu/:/lib/../lib/:/usr/lib/x86_64-linux-gnu/:/usr/lib/../lib/:/usr/lib/gcc/x86_64-linux-gnu/7/../../../:/lib/:/usr/lib/
COLLECT_GCC_OPTIONS='-v' '-rdynamic' '-o' 'cmTC_38f95' '-shared-libgcc' '-mtune=generic' '-march=x86-64'
 /usr/lib/gcc/x86_64-linux-gnu/7/collect2 -plugin /usr/lib/gcc/x86_64-linux-gnu/7/liblto_plugin.so -plugin-opt=/usr/lib/gcc/x86_64-linux-gnu/7/lto-wrapper -plugin-opt=-fresolution=/tmp/ccWRvIl6.res -plugin-opt=-pass-through=-lgcc_s -plugin-opt=-pass-through=-lgcc -plugin-opt=-pass-through=-lc -plugin-opt=-pass-through=-lgcc_s -plugin-opt=-pass-through=-lgcc --build-id --eh-frame-hdr -m elf_x86_64 --hash-style=gnu --as-needed -export-dynamic -dynamic-linker /lib64/ld-linux-x86-64.so.2 -pie -z now -z relro -o cmTC_38f95 /usr/lib/gcc/x86_64-linux-gnu/7/../../../x86_64-linux-gnu/Scrt1.o /usr/lib/gcc/x86_64-linux-gnu/7/../../../x86_64-linux-gnu/crti.o /usr/lib/gcc/x86_64-linux-gnu/7/crtbeginS.o -L/usr/lib/gcc/x86_64-linux-gnu/7 -L/usr/lib/gcc/x86_64-linux-gnu/7/../../../x86_64-linux-gnu -L/usr/lib/gcc/x86_64-linux-gnu/7/../../../../lib -L/lib/x86_64-linux-gnu -L/lib/../lib -L/usr/lib/x86_64-linux-gnu -L/usr/lib/../lib -L/usr/lib/gcc/x86_64-linux-gnu/7/../../.. CMakeFiles/cmTC_38f95.dir/CMakeCXXCompilerABI.cpp.o -lstdc++ -lm -lgcc_s -lgcc -lc -lgcc_s -lgcc /usr/lib/gcc/x86_64-linux-gnu/7/crtendS.o /usr/lib/gcc/x86_64-linux-gnu/7/../../../x86_64-linux-gnu/crtn.o
COLLECT_GCC_OPTIONS='-v' '-rdynamic' '-o' 'cmTC_38f95' '-shared-libgcc' '-mtune=generic' '-march=x86-64'
make[1]: Leaving directory '/home/hduser/Documents/Our_Project/hadoop-3.0.0-src/hadoop-yarn-project/hadoop-yarn/hadoop-yarn-server/hadoop-yarn-server-nodemanager/target/native/CMakeFiles/CMakeTmp'


Parsed CXX implicit link information from above output:
  link line regex: [^( *|.*[/\])(ld|CMAKE_LINK_STARTFILE-NOTFOUND|([^/\]+-)?ld|collect2)[^/\]*( |$)]
  ignore line: [Change Dir: /home/hduser/Documents/Our_Project/hadoop-3.0.0-src/hadoop-yarn-project/hadoop-yarn/hadoop-yarn-server/hadoop-yarn-server-nodemanager/target/native/CMakeFiles/CMakeTmp]
  ignore line: []
  ignore line: [Run Build Command:"/usr/bin/make" "cmTC_38f95/fast"]
  ignore line: [/usr/bin/make -f CMakeFiles/cmTC_38f95.dir/build.make CMakeFiles/cmTC_38f95.dir/build]
  ignore line: [make[1]: Entering directory '/home/hduser/Documents/Our_Project/hadoop-3.0.0-src/hadoop-yarn-project/hadoop-yarn/hadoop-yarn-server/hadoop-yarn-server-nodemanager/target/native/CMakeFiles/CMakeTmp']
  ignore line: [Building CXX object CMakeFiles/cmTC_38f95.dir/CMakeCXXCompilerABI.cpp.o]
  ignore line: [/usr/bin/c++     -o CMakeFiles/cmTC_38f95.dir/CMakeCXXCompilerABI.cpp.o -c /usr/share/cmake-3.10/Modules/CMakeCXXCompilerABI.cpp]
  ignore line: [Linking CXX executable cmTC_38f95]
  ignore line: [/usr/bin/cmake -E cmake_link_script CMakeFiles/cmTC_38f95.dir/link.txt --verbose=1]
  ignore line: [/usr/bin/c++      -v -rdynamic CMakeFiles/cmTC_38f95.dir/CMakeCXXCompilerABI.cpp.o  -o cmTC_38f95 ]
  ignore line: [Using built-in specs.]
  ignore line: [COLLECT_GCC=/usr/bin/c++]
  ignore line: [COLLECT_LTO_WRAPPER=/usr/lib/gcc/x86_64-linux-gnu/7/lto-wrapper]
  ignore line: [OFFLOAD_TARGET_NAMES=nvptx-none]
  ignore line: [OFFLOAD_TARGET_DEFAULT=1]
  ignore line: [Target: x86_64-linux-gnu]
  ignore line: [Configured with: ../src/configure -v --with-pkgversion='Ubuntu 7.5.0-3ubuntu1~18.04' --with-bugurl=file:///usr/share/doc/gcc-7/README.Bugs --enable-languages=c,ada,c++,go,brig,d,fortran,objc,obj-c++ --prefix=/usr --with-gcc-major-version-only --program-suffix=-7 --program-prefix=x86_64-linux-gnu- --enable-shared --enable-linker-build-id --libexecdir=/usr/lib --without-included-gettext --enable-threads=posix --libdir=/usr/lib --enable-nls --enable-bootstrap --enable-clocale=gnu --enable-libstdcxx-debug --enable-libstdcxx-time=yes --with-default-libstdcxx-abi=new --enable-gnu-unique-object --disable-vtable-verify --enable-libmpx --enable-plugin --enable-default-pie --with-system-zlib --with-target-system-zlib --enable-objc-gc=auto --enable-multiarch --disable-werror --with-arch-32=i686 --with-abi=m64 --with-multilib-list=m32,m64,mx32 --enable-multilib --with-tune=generic --enable-offload-targets=nvptx-none --without-cuda-driver --enable-checking=release --build=x86_64-linux-gnu --host=x86_64-linux-gnu --target=x86_64-linux-gnu]
  ignore line: [Thread model: posix]
  ignore line: [gcc version 7.5.0 (Ubuntu 7.5.0-3ubuntu1~18.04) ]
  ignore line: [COMPILER_PATH=/usr/lib/gcc/x86_64-linux-gnu/7/:/usr/lib/gcc/x86_64-linux-gnu/7/:/usr/lib/gcc/x86_64-linux-gnu/:/usr/lib/gcc/x86_64-linux-gnu/7/:/usr/lib/gcc/x86_64-linux-gnu/]
  ignore line: [LIBRARY_PATH=/usr/lib/gcc/x86_64-linux-gnu/7/:/usr/lib/gcc/x86_64-linux-gnu/7/../../../x86_64-linux-gnu/:/usr/lib/gcc/x86_64-linux-gnu/7/../../../../lib/:/lib/x86_64-linux-gnu/:/lib/../lib/:/usr/lib/x86_64-linux-gnu/:/usr/lib/../lib/:/usr/lib/gcc/x86_64-linux-gnu/7/../../../:/lib/:/usr/lib/]
  ignore line: [COLLECT_GCC_OPTIONS='-v' '-rdynamic' '-o' 'cmTC_38f95' '-shared-libgcc' '-mtune=generic' '-march=x86-64']
  link line: [ /usr/lib/gcc/x86_64-linux-gnu/7/collect2 -plugin /usr/lib/gcc/x86_64-linux-gnu/7/liblto_plugin.so -plugin-opt=/usr/lib/gcc/x86_64-linux-gnu/7/lto-wrapper -plugin-opt=-fresolution=/tmp/ccWRvIl6.res -plugin-opt=-pass-through=-lgcc_s -plugin-opt=-pass-through=-lgcc -plugin-opt=-pass-through=-lc -plugin-opt=-pass-through=-lgcc_s -plugin-opt=-pass-through=-lgcc --build-id --eh-frame-hdr -m elf_x86_64 --hash-style=gnu --as-needed -export-dynamic -dynamic-linker /lib64/ld-linux-x86-64.so.2 -pie -z now -z relro -o cmTC_38f95 /usr/lib/gcc/x86_64-linux-gnu/7/../../../x86_64-linux-gnu/Scrt1.o /usr/lib/gcc/x86_64-linux-gnu/7/../../../x86_64-linux-gnu/crti.o /usr/lib/gcc/x86_64-linux-gnu/7/crtbeginS.o -L/usr/lib/gcc/x86_64-linux-gnu/7 -L/usr/lib/gcc/x86_64-linux-gnu/7/../../../x86_64-linux-gnu -L/usr/lib/gcc/x86_64-linux-gnu/7/../../../../lib -L/lib/x86_64-linux-gnu -L/lib/../lib -L/usr/lib/x86_64-linux-gnu -L/usr/lib/../lib -L/usr/lib/gcc/x86_64-linux-gnu/7/../../.. CMakeFiles/cmTC_38f95.dir/CMakeCXXCompilerABI.cpp.o -lstdc++ -lm -lgcc_s -lgcc -lc -lgcc_s -lgcc /usr/lib/gcc/x86_64-linux-gnu/7/crtendS.o /usr/lib/gcc/x86_64-linux-gnu/7/../../../x86_64-linux-gnu/crtn.o]
    arg [/usr/lib/gcc/x86_64-linux-gnu/7/collect2] ==> ignore
    arg [-plugin] ==> ignore
    arg [/usr/lib/gcc/x86_64-linux-gnu/7/liblto_plugin.so] ==> ignore
    arg [-plugin-opt=/usr/lib/gcc/x86_64-linux-gnu/7/lto-wrapper] ==> ignore
    arg [-plugin-opt=-fresolution=/tmp/ccWRvIl6.res] ==> ignore
    arg [-plugin-opt=-pass-through=-lgcc_s] ==> ignore
    arg [-plugin-opt=-pass-through=-lgcc] ==> ignore
    arg [-plugin-opt=-pass-through=-lc] ==> ignore
    arg [-plugin-opt=-pass-through=-lgcc_s] ==> ignore
    arg [-plugin-opt=-pass-through=-lgcc] ==> ignore
    arg [--build-id] ==> ignore
    arg [--eh-frame-hdr] ==> ignore
    arg [-m] ==> ignore
    arg [elf_x86_64] ==> ignore
    arg [--hash-style=gnu] ==> ignore
    arg [--as-needed] ==> ignore
    arg [-export-dynamic] ==> ignore
    arg [-dynamic-linker] ==> ignore
    arg [/lib64/ld-linux-x86-64.so.2] ==> ignore
    arg [-pie] ==> ignore
    arg [-znow] ==> ignore
    arg [-zrelro] ==> ignore
    arg [-o] ==> ignore
    arg [cmTC_38f95] ==> ignore
    arg [/usr/lib/gcc/x86_64-linux-gnu/7/../../../x86_64-linux-gnu/Scrt1.o] ==> ignore
    arg [/usr/lib/gcc/x86_64-linux-gnu/7/../../../x86_64-linux-gnu/crti.o] ==> ignore
    arg [/usr/lib/gcc/x86_64-linux-gnu/7/crtbeginS.o] ==> ignore
    arg [-L/usr/lib/gcc/x86_64-linux-gnu/7] ==> dir [/usr/lib/gcc/x86_64-linux-gnu/7]
    arg [-L/usr/lib/gcc/x86_64-linux-gnu/7/../../../x86_64-linux-gnu] ==> dir [/usr/lib/gcc/x86_64-linux-gnu/7/../../../x86_64-linux-gnu]
    arg [-L/usr/lib/gcc/x86_64-linux-gnu/7/../../../../lib] ==> dir [/usr/lib/gcc/x86_64-linux-gnu/7/../../../../lib]
    arg [-L/lib/x86_64-linux-gnu] ==> dir [/lib/x86_64-linux-gnu]
    arg [-L/lib/../lib] ==> dir [/lib/../lib]
    arg [-L/usr/lib/x86_64-linux-gnu] ==> dir [/usr/lib/x86_64-linux-gnu]
    arg [-L/usr/lib/../lib] ==> dir [/usr/lib/../lib]
    arg [-L/usr/lib/gcc/x86_64-linux-gnu/7/../../..] ==> dir [/usr/lib/gcc/x86_64-linux-gnu/7/../../..]
    arg [CMakeFiles/cmTC_38f95.dir/CMakeCXXCompilerABI.cpp.o] ==> ignore
    arg [-lstdc++] ==> lib [stdc++]
    arg [-lm] ==> lib [m]
    arg [-lgcc_s] ==> lib [gcc_s]
    arg [-lgcc] ==> lib [gcc]
    arg [-lc] ==> lib [c]
    arg [-lgcc_s] ==> lib [gcc_s]
    arg [-lgcc] ==> lib [gcc]
    arg [/usr/lib/gcc/x86_64-linux-gnu/7/crtendS.o] ==> ignore
    arg [/usr/lib/gcc/x86_64-linux-gnu/7/../../../x86_64-linux-gnu/crtn.o] ==> ignore
  collapse library dir [/usr/lib/gcc/x86_64-linux-gnu/7] ==> [/usr/lib/gcc/x86_64-linux-gnu/7]
  collapse library dir [/usr/lib/gcc/x86_64-linux-gnu/7/../../../x86_64-linux-gnu] ==> [/usr/lib/x86_64-linux-gnu]
  collapse library dir [/usr/lib/gcc/x86_64-linux-gnu/7/../../../../lib] ==> [/usr/lib]
  collapse library dir [/lib/x86_64-linux-gnu] ==> [/lib/x86_64-linux-gnu]
  collapse library dir [/lib/../lib] ==> [/lib]
  collapse library dir [/usr/lib/x86_64-linux-gnu] ==> [/usr/lib/x86_64-linux-gnu]
  collapse library dir [/usr/lib/../lib] ==> [/usr/lib]
  collapse library dir [/usr/lib/gcc/x86_64-linux-gnu/7/../../..] ==> [/usr/lib]
  implicit libs: [stdc++;m;gcc_s;gcc;c;gcc_s;gcc]
  implicit dirs: [/usr/lib/gcc/x86_64-linux-gnu/7;/usr/lib/x86_64-linux-gnu;/usr/lib;/lib/x86_64-linux-gnu;/lib]
  implicit fwks: []




Detecting CXX [-std=c++1z] compiler features compiled with the following output:
Change Dir: /home/hduser/Documents/Our_Project/hadoop-3.0.0-src/hadoop-yarn-project/hadoop-yarn/hadoop-yarn-server/hadoop-yarn-server-nodemanager/target/native/CMakeFiles/CMakeTmp

Run Build Command:"/usr/bin/make" "cmTC_245a1/fast"
/usr/bin/make -f CMakeFiles/cmTC_245a1.dir/build.make CMakeFiles/cmTC_245a1.dir/build
make[1]: Entering directory '/home/hduser/Documents/Our_Project/hadoop-3.0.0-src/hadoop-yarn-project/hadoop-yarn/hadoop-yarn-server/hadoop-yarn-server-nodemanager/target/native/CMakeFiles/CMakeTmp'
Building CXX object CMakeFiles/cmTC_245a1.dir/feature_tests.cxx.o
/usr/bin/c++    -std=c++1z -o CMakeFiles/cmTC_245a1.dir/feature_tests.cxx.o -c /home/hduser/Documents/Our_Project/hadoop-3.0.0-src/hadoop-yarn-project/hadoop-yarn/hadoop-yarn-server/hadoop-yarn-server-nodemanager/target/native/CMakeFiles/feature_tests.cxx
Linking CXX executable cmTC_245a1
/usr/bin/cmake -E cmake_link_script CMakeFiles/cmTC_245a1.dir/link.txt --verbose=1
/usr/bin/c++       -rdynamic CMakeFiles/cmTC_245a1.dir/feature_tests.cxx.o  -o cmTC_245a1 
make[1]: Leaving directory '/home/hduser/Documents/Our_Project/hadoop-3.0.0-src/hadoop-yarn-project/hadoop-yarn/hadoop-yarn-server/hadoop-yarn-server-nodemanager/target/native/CMakeFiles/CMakeTmp'


    Feature record: CXX_FEATURE:1cxx_aggregate_default_initializers
    Feature record: CXX_FEATURE:1cxx_alias_templates
    Feature record: CXX_FEATURE:1cxx_alignas
    Feature record: CXX_FEATURE:1cxx_alignof
    Feature record: CXX_FEATURE:1cxx_attributes
    Feature record: CXX_FEATURE:1cxx_attribute_deprecated
    Feature record: CXX_FEATURE:1cxx_auto_type
    Feature record: CXX_FEATURE:1cxx_binary_literals
    Feature record: CXX_FEATURE:1cxx_constexpr
    Feature record: CXX_FEATURE:1cxx_contextual_conversions
    Feature record: CXX_FEATURE:1cxx_decltype
    Feature record: CXX_FEATURE:1cxx_decltype_auto
    Feature record: CXX_FEATURE:1cxx_decltype_incomplete_return_types
    Feature record: CXX_FEATURE:1cxx_default_function_template_args
    Feature record: CXX_FEATURE:1cxx_defaulted_functions
    Feature record: CXX_FEATURE:1cxx_defaulted_move_initializers
    Feature record: CXX_FEATURE:1cxx_delegating_constructors
    Feature record: CXX_FEATURE:1cxx_deleted_functions
    Feature record: CXX_FEATURE:1cxx_digit_separators
    Feature record: CXX_FEATURE:1cxx_enum_forward_declarations
    Feature record: CXX_FEATURE:1cxx_explicit_conversions
    Feature record: CXX_FEATURE:1cxx_extended_friend_declarations
    Feature record: CXX_FEATURE:1cxx_extern_templates
    Feature record: CXX_FEATURE:1cxx_final
    Feature record: CXX_FEATURE:1cxx_func_identifier
    Feature record: CXX_FEATURE:1cxx_generalized_initializers
    Feature record: CXX_FEATURE:1cxx_generic_lambdas
    Feature record: CXX_FEATURE:1cxx_inheriting_constructors
    Feature record: CXX_FEATURE:1cxx_inline_namespaces
    Feature record: CXX_FEATURE:1cxx_lambdas
    Feature record: CXX_FEATURE:1cxx_lambda_init_captures
    Feature record: CXX_FEATURE:1cxx_local_type_template_args
    Feature record: CXX_FEATURE:1cxx_long_long_type
    Feature record: CXX_FEATURE:1cxx_noexcept
    Feature record: CXX_FEATURE:1cxx_nonstatic_member_init
    Feature record: CXX_FEATURE:1cxx_nullptr
    Feature record: CXX_FEATURE:1cxx_override
    Feature record: CXX_FEATURE:1cxx_range_for
    Feature record: CXX_FEATURE:1cxx_raw_string_literals
    Feature record: CXX_FEATURE:1cxx_reference_qualified_functions
    Feature record: CXX_FEATURE:1cxx_relaxed_constexpr
    Feature record: CXX_FEATURE:1cxx_return_type_deduction
    Feature record: CXX_FEATURE:1cxx_right_angle_brackets
    Feature record: CXX_FEATURE:1cxx_rvalue_references
    Feature record: CXX_FEATURE:1cxx_sizeof_member
    Feature record: CXX_FEATURE:1cxx_static_assert
    Feature record: CXX_FEATURE:1cxx_strong_enums
    Feature record: CXX_FEATURE:1cxx_template_template_parameters
    Feature record: CXX_FEATURE:1cxx_thread_local
    Feature record: CXX_FEATURE:1cxx_trailing_return_types
    Feature record: CXX_FEATURE:1cxx_unicode_literals
    Feature record: CXX_FEATURE:1cxx_uniform_initialization
    Feature record: CXX_FEATURE:1cxx_unrestricted_unions
    Feature record: CXX_FEATURE:1cxx_user_literals
    Feature record: CXX_FEATURE:1cxx_variable_templates
    Feature record: CXX_FEATURE:1cxx_variadic_macros
    Feature record: CXX_FEATURE:1cxx_variadic_templates


Detecting CXX [-std=c++14] compiler features compiled with the following output:
Change Dir: /home/hduser/Documents/Our_Project/hadoop-3.0.0-src/hadoop-yarn-project/hadoop-yarn/hadoop-yarn-server/hadoop-yarn-server-nodemanager/target/native/CMakeFiles/CMakeTmp

Run Build Command:"/usr/bin/make" "cmTC_ca4fd/fast"
/usr/bin/make -f CMakeFiles/cmTC_ca4fd.dir/build.make CMakeFiles/cmTC_ca4fd.dir/build
make[1]: Entering directory '/home/hduser/Documents/Our_Project/hadoop-3.0.0-src/hadoop-yarn-project/hadoop-yarn/hadoop-yarn-server/hadoop-yarn-server-nodemanager/target/native/CMakeFiles/CMakeTmp'
Building CXX object CMakeFiles/cmTC_ca4fd.dir/feature_tests.cxx.o
/usr/bin/c++    -std=c++14 -o CMakeFiles/cmTC_ca4fd.dir/feature_tests.cxx.o -c /home/hduser/Documents/Our_Project/hadoop-3.0.0-src/hadoop-yarn-project/hadoop-yarn/hadoop-yarn-server/hadoop-yarn-server-nodemanager/target/native/CMakeFiles/feature_tests.cxx
Linking CXX executable cmTC_ca4fd
/usr/bin/cmake -E cmake_link_script CMakeFiles/cmTC_ca4fd.dir/link.txt --verbose=1
/usr/bin/c++       -rdynamic CMakeFiles/cmTC_ca4fd.dir/feature_tests.cxx.o  -o cmTC_ca4fd 
make[1]: Leaving directory '/home/hduser/Documents/Our_Project/hadoop-3.0.0-src/hadoop-yarn-project/hadoop-yarn/hadoop-yarn-server/hadoop-yarn-server-nodemanager/target/native/CMakeFiles/CMakeTmp'


    Feature record: CXX_FEATURE:1cxx_aggregate_default_initializers
    Feature record: CXX_FEATURE:1cxx_alias_templates
    Feature record: CXX_FEATURE:1cxx_alignas
    Feature record: CXX_FEATURE:1cxx_alignof
    Feature record: CXX_FEATURE:1cxx_attributes
    Feature record: CXX_FEATURE:1cxx_attribute_deprecated
    Feature record: CXX_FEATURE:1cxx_auto_type
    Feature record: CXX_FEATURE:1cxx_binary_literals
    Feature record: CXX_FEATURE:1cxx_constexpr
    Feature record: CXX_FEATURE:1cxx_contextual_conversions
    Feature record: CXX_FEATURE:1cxx_decltype
    Feature record: CXX_FEATURE:1cxx_decltype_auto
    Feature record: CXX_FEATURE:1cxx_decltype_incomplete_return_types
    Feature record: CXX_FEATURE:1cxx_default_function_template_args
    Feature record: CXX_FEATURE:1cxx_defaulted_functions
    Feature record: CXX_FEATURE:1cxx_defaulted_move_initializers
    Feature record: CXX_FEATURE:1cxx_delegating_constructors
    Feature record: CXX_FEATURE:1cxx_deleted_functions
    Feature record: CXX_FEATURE:1cxx_digit_separators
    Feature record: CXX_FEATURE:1cxx_enum_forward_declarations
    Feature record: CXX_FEATURE:1cxx_explicit_conversions
    Feature record: CXX_FEATURE:1cxx_extended_friend_declarations
    Feature record: CXX_FEATURE:1cxx_extern_templates
    Feature record: CXX_FEATURE:1cxx_final
    Feature record: CXX_FEATURE:1cxx_func_identifier
    Feature record: CXX_FEATURE:1cxx_generalized_initializers
    Feature record: CXX_FEATURE:1cxx_generic_lambdas
    Feature record: CXX_FEATURE:1cxx_inheriting_constructors
    Feature record: CXX_FEATURE:1cxx_inline_namespaces
    Feature record: CXX_FEATURE:1cxx_lambdas
    Feature record: CXX_FEATURE:1cxx_lambda_init_captures
    Feature record: CXX_FEATURE:1cxx_local_type_template_args
    Feature record: CXX_FEATURE:1cxx_long_long_type
    Feature record: CXX_FEATURE:1cxx_noexcept
    Feature record: CXX_FEATURE:1cxx_nonstatic_member_init
    Feature record: CXX_FEATURE:1cxx_nullptr
    Feature record: CXX_FEATURE:1cxx_override
    Feature record: CXX_FEATURE:1cxx_range_for
    Feature record: CXX_FEATURE:1cxx_raw_string_literals
    Feature record: CXX_FEATURE:1cxx_reference_qualified_functions
    Feature record: CXX_FEATURE:1cxx_relaxed_constexpr
    Feature record: CXX_FEATURE:1cxx_return_type_deduction
    Feature record: CXX_FEATURE:1cxx_right_angle_brackets
    Feature record: CXX_FEATURE:1cxx_rvalue_references
    Feature record: CXX_FEATURE:1cxx_sizeof_member
    Feature record: CXX_FEATURE:1cxx_static_assert
    Feature record: CXX_FEATURE:1cxx_strong_enums
    Feature record: CXX_FEATURE:1cxx_template_template_parameters
    Feature record: CXX_FEATURE:1cxx_thread_local
    Feature record: CXX_FEATURE:1cxx_trailing_return_types
    Feature record: CXX_FEATURE:1cxx_unicode_literals
    Feature record: CXX_FEATURE:1cxx_uniform_initialization
    Feature record: CXX_FEATURE:1cxx_unrestricted_unions
    Feature record: CXX_FEATURE:1cxx_user_literals
    Feature record: CXX_FEATURE:1cxx_variable_templates
    Feature record: CXX_FEATURE:1cxx_variadic_macros
    Feature record: CXX_FEATURE:1cxx_variadic_templates


Detecting CXX [-std=c++11] compiler features compiled with the following output:
Change Dir: /home/hduser/Documents/Our_Project/hadoop-3.0.0-src/hadoop-yarn-project/hadoop-yarn/hadoop-yarn-server/hadoop-yarn-server-nodemanager/target/native/CMakeFiles/CMakeTmp

Run Build Command:"/usr/bin/make" "cmTC_ac64d/fast"
/usr/bin/make -f CMakeFiles/cmTC_ac64d.dir/build.make CMakeFiles/cmTC_ac64d.dir/build
make[1]: Entering directory '/home/hduser/Documents/Our_Project/hadoop-3.0.0-src/hadoop-yarn-project/hadoop-yarn/hadoop-yarn-server/hadoop-yarn-server-nodemanager/target/native/CMakeFiles/CMakeTmp'
Building CXX object CMakeFiles/cmTC_ac64d.dir/feature_tests.cxx.o
/usr/bin/c++    -std=c++11 -o CMakeFiles/cmTC_ac64d.dir/feature_tests.cxx.o -c /home/hduser/Documents/Our_Project/hadoop-3.0.0-src/hadoop-yarn-project/hadoop-yarn/hadoop-yarn-server/hadoop-yarn-server-nodemanager/target/native/CMakeFiles/feature_tests.cxx
Linking CXX executable cmTC_ac64d
/usr/bin/cmake -E cmake_link_script CMakeFiles/cmTC_ac64d.dir/link.txt --verbose=1
/usr/bin/c++       -rdynamic CMakeFiles/cmTC_ac64d.dir/feature_tests.cxx.o  -o cmTC_ac64d 
make[1]: Leaving directory '/home/hduser/Documents/Our_Project/hadoop-3.0.0-src/hadoop-yarn-project/hadoop-yarn/hadoop-yarn-server/hadoop-yarn-server-nodemanager/target/native/CMakeFiles/CMakeTmp'


    Feature record: CXX_FEATURE:0cxx_aggregate_default_initializers
    Feature record: CXX_FEATURE:1cxx_alias_templates
    Feature record: CXX_FEATURE:1cxx_alignas
    Feature record: CXX_FEATURE:1cxx_alignof
    Feature record: CXX_FEATURE:1cxx_attributes
    Feature record: CXX_FEATURE:0cxx_attribute_deprecated
    Feature record: CXX_FEATURE:1cxx_auto_type
    Feature record: CXX_FEATURE:0cxx_binary_literals
    Feature record: CXX_FEATURE:1cxx_constexpr
    Feature record: CXX_FEATURE:0cxx_contextual_conversions
    Feature record: CXX_FEATURE:1cxx_decltype
    Feature record: CXX_FEATURE:0cxx_decltype_auto
    Feature record: CXX_FEATURE:1cxx_decltype_incomplete_return_types
    Feature record: CXX_FEATURE:1cxx_default_function_template_args
    Feature record: CXX_FEATURE:1cxx_defaulted_functions
    Feature record: CXX_FEATURE:1cxx_defaulted_move_initializers
    Feature record: CXX_FEATURE:1cxx_delegating_constructors
    Feature record: CXX_FEATURE:1cxx_deleted_functions
    Feature record: CXX_FEATURE:0cxx_digit_separators
    Feature record: CXX_FEATURE:1cxx_enum_forward_declarations
    Feature record: CXX_FEATURE:1cxx_explicit_conversions
    Feature record: CXX_FEATURE:1cxx_extended_friend_declarations
    Feature record: CXX_FEATURE:1cxx_extern_templates
    Feature record: CXX_FEATURE:1cxx_final
    Feature record: CXX_FEATURE:1cxx_func_identifier
    Feature record: CXX_FEATURE:1cxx_generalized_initializers
    Feature record: CXX_FEATURE:0cxx_generic_lambdas
    Feature record: CXX_FEATURE:1cxx_inheriting_constructors
    Feature record: CXX_FEATURE:1cxx_inline_namespaces
    Feature record: CXX_FEATURE:1cxx_lambdas
    Feature record: CXX_FEATURE:0cxx_lambda_init_captures
    Feature record: CXX_FEATURE:1cxx_local_type_template_args
    Feature record: CXX_FEATURE:1cxx_long_long_type
    Feature record: CXX_FEATURE:1cxx_noexcept
    Feature record: CXX_FEATURE:1cxx_nonstatic_member_init
    Feature record: CXX_FEATURE:1cxx_nullptr
    Feature record: CXX_FEATURE:1cxx_override
    Feature record: CXX_FEATURE:1cxx_range_for
    Feature record: CXX_FEATURE:1cxx_raw_string_literals
    Feature record: CXX_FEATURE:1cxx_reference_qualified_functions
    Feature record: CXX_FEATURE:0cxx_relaxed_constexpr
    Feature record: CXX_FEATURE:0cxx_return_type_deduction
    Feature record: CXX_FEATURE:1cxx_right_angle_brackets
    Feature record: CXX_FEATURE:1cxx_rvalue_references
    Feature record: CXX_FEATURE:1cxx_sizeof_member
    Feature record: CXX_FEATURE:1cxx_static_assert
    Feature record: CXX_FEATURE:1cxx_strong_enums
    Feature record: CXX_FEATURE:1cxx_template_template_parameters
    Feature record: CXX_FEATURE:1cxx_thread_local
    Feature record: CXX_FEATURE:1cxx_trailing_return_types
    Feature record: CXX_FEATURE:1cxx_unicode_literals
    Feature record: CXX_FEATURE:1cxx_uniform_initialization
    Feature record: CXX_FEATURE:1cxx_unrestricted_unions
    Feature record: CXX_FEATURE:1cxx_user_literals
    Feature record: CXX_FEATURE:0cxx_variable_templates
    Feature record: CXX_FEATURE:1cxx_variadic_macros
    Feature record: CXX_FEATURE:1cxx_variadic_templates


Detecting CXX [-std=c++98] compiler features compiled with the following output:
Change Dir: /home/hduser/Documents/Our_Project/hadoop-3.0.0-src/hadoop-yarn-project/hadoop-yarn/hadoop-yarn-server/hadoop-yarn-server-nodemanager/target/native/CMakeFiles/CMakeTmp

Run Build Command:"/usr/bin/make" "cmTC_aee78/fast"
/usr/bin/make -f CMakeFiles/cmTC_aee78.dir/build.make CMakeFiles/cmTC_aee78.dir/build
make[1]: Entering directory '/home/hduser/Documents/Our_Project/hadoop-3.0.0-src/hadoop-yarn-project/hadoop-yarn/hadoop-yarn-server/hadoop-yarn-server-nodemanager/target/native/CMakeFiles/CMakeTmp'
Building CXX object CMakeFiles/cmTC_aee78.dir/feature_tests.cxx.o
/usr/bin/c++    -std=c++98 -o CMakeFiles/cmTC_aee78.dir/feature_tests.cxx.o -c /home/hduser/Documents/Our_Project/hadoop-3.0.0-src/hadoop-yarn-project/hadoop-yarn/hadoop-yarn-server/hadoop-yarn-server-nodemanager/target/native/CMakeFiles/feature_tests.cxx
Linking CXX executable cmTC_aee78
/usr/bin/cmake -E cmake_link_script CMakeFiles/cmTC_aee78.dir/link.txt --verbose=1
/usr/bin/c++       -rdynamic CMakeFiles/cmTC_aee78.dir/feature_tests.cxx.o  -o cmTC_aee78 
make[1]: Leaving directory '/home/hduser/Documents/Our_Project/hadoop-3.0.0-src/hadoop-yarn-project/hadoop-yarn/hadoop-yarn-server/hadoop-yarn-server-nodemanager/target/native/CMakeFiles/CMakeTmp'


    Feature record: CXX_FEATURE:0cxx_aggregate_default_initializers
    Feature record: CXX_FEATURE:0cxx_alias_templates
    Feature record: CXX_FEATURE:0cxx_alignas
    Feature record: CXX_FEATURE:0cxx_alignof
    Feature record: CXX_FEATURE:0cxx_attributes
    Feature record: CXX_FEATURE:0cxx_attribute_deprecated
    Feature record: CXX_FEATURE:0cxx_auto_type
    Feature record: CXX_FEATURE:0cxx_binary_literals
    Feature record: CXX_FEATURE:0cxx_constexpr
    Feature record: CXX_FEATURE:0cxx_contextual_conversions
    Feature record: CXX_FEATURE:0cxx_decltype
    Feature record: CXX_FEATURE:0cxx_decltype_auto
    Feature record: CXX_FEATURE:0cxx_decltype_incomplete_return_types
    Feature record: CXX_FEATURE:0cxx_default_function_template_args
    Feature record: CXX_FEATURE:0cxx_defaulted_functions
    Feature record: CXX_FEATURE:0cxx_defaulted_move_initializers
    Feature record: CXX_FEATURE:0cxx_delegating_constructors
    Feature record: CXX_FEATURE:0cxx_deleted_functions
    Feature record: CXX_FEATURE:0cxx_digit_separators
    Feature record: CXX_FEATURE:0cxx_enum_forward_declarations
    Feature record: CXX_FEATURE:0cxx_explicit_conversions
    Feature record: CXX_FEATURE:0cxx_extended_friend_declarations
    Feature record: CXX_FEATURE:0cxx_extern_templates
    Feature record: CXX_FEATURE:0cxx_final
    Feature record: CXX_FEATURE:0cxx_func_identifier
    Feature record: CXX_FEATURE:0cxx_generalized_initializers
    Feature record: CXX_FEATURE:0cxx_generic_lambdas
    Feature record: CXX_FEATURE:0cxx_inheriting_constructors
    Feature record: CXX_FEATURE:0cxx_inline_namespaces
    Feature record: CXX_FEATURE:0cxx_lambdas
    Feature record: CXX_FEATURE:0cxx_lambda_init_captures
    Feature record: CXX_FEATURE:0cxx_local_type_template_args
    Feature record: CXX_FEATURE:0cxx_long_long_type
    Feature record: CXX_FEATURE:0cxx_noexcept
    Feature record: CXX_FEATURE:0cxx_nonstatic_member_init
    Feature record: CXX_FEATURE:0cxx_nullptr
    Feature record: CXX_FEATURE:0cxx_override
    Feature record: CXX_FEATURE:0cxx_range_for
    Feature record: CXX_FEATURE:0cxx_raw_string_literals
    Feature record: CXX_FEATURE:0cxx_reference_qualified_functions
    Feature record: CXX_FEATURE:0cxx_relaxed_constexpr
    Feature record: CXX_FEATURE:0cxx_return_type_deduction
    Feature record: CXX_FEATURE:0cxx_right_angle_brackets
    Feature record: CXX_FEATURE:0cxx_rvalue_references
    Feature record: CXX_FEATURE:0cxx_sizeof_member
    Feature record: CXX_FEATURE:0cxx_static_assert
    Feature record: CXX_FEATURE:0cxx_strong_enums
    Feature record: CXX_FEATURE:1cxx_template_template_parameters
    Feature record: CXX_FEATURE:0cxx_thread_local
    Feature record: CXX_FEATURE:0cxx_trailing_return_types
    Feature record: CXX_FEATURE:0cxx_unicode_literals
    Feature record: CXX_FEATURE:0cxx_uniform_initialization
    Feature record: CXX_FEATURE:0cxx_unrestricted_unions
    Feature record: CXX_FEATURE:0cxx_user_literals
    Feature record: CXX_FEATURE:0cxx_variable_templates
    Feature record: CXX_FEATURE:0cxx_variadic_macros
    Feature record: CXX_FEATURE:0cxx_variadic_templates
Determining if the include file pthread.h exists passed with the following output:
Change Dir: /home/hduser/Documents/Our_Project/hadoop-3.0.0-src/hadoop-yarn-project/hadoop-yarn/hadoop-yarn-server/hadoop-yarn-server-nodemanager/target/native/CMakeFiles/CMakeTmp

Run Build Command:"/usr/bin/make" "cmTC_0295a/fast"
/usr/bin/make -f CMakeFiles/cmTC_0295a.dir/build.make CMakeFiles/cmTC_0295a.dir/build
make[1]: Entering directory '/home/hduser/Documents/Our_Project/hadoop-3.0.0-src/hadoop-yarn-project/hadoop-yarn/hadoop-yarn-server/hadoop-yarn-server-nodemanager/target/native/CMakeFiles/CMakeTmp'
Building C object CMakeFiles/cmTC_0295a.dir/CheckIncludeFile.c.o
/usr/bin/cc    -o CMakeFiles/cmTC_0295a.dir/CheckIncludeFile.c.o   -c /home/hduser/Documents/Our_Project/hadoop-3.0.0-src/hadoop-yarn-project/hadoop-yarn/hadoop-yarn-server/hadoop-yarn-server-nodemanager/target/native/CMakeFiles/CMakeTmp/CheckIncludeFile.c
Linking C executable cmTC_0295a
/usr/bin/cmake -E cmake_link_script CMakeFiles/cmTC_0295a.dir/link.txt --verbose=1
/usr/bin/cc      -rdynamic CMakeFiles/cmTC_0295a.dir/CheckIncludeFile.c.o  -o cmTC_0295a 
make[1]: Leaving directory '/home/hduser/Documents/Our_Project/hadoop-3.0.0-src/hadoop-yarn-project/hadoop-yarn/hadoop-yarn-server/hadoop-yarn-server-nodemanager/target/native/CMakeFiles/CMakeTmp'


Determining if the function pthread_create exists in the pthread passed with the following output:
Change Dir: /home/hduser/Documents/Our_Project/hadoop-3.0.0-src/hadoop-yarn-project/hadoop-yarn/hadoop-yarn-server/hadoop-yarn-server-nodemanager/target/native/CMakeFiles/CMakeTmp

Run Build Command:"/usr/bin/make" "cmTC_be080/fast"
/usr/bin/make -f CMakeFiles/cmTC_be080.dir/build.make CMakeFiles/cmTC_be080.dir/build
make[1]: Entering directory '/home/hduser/Documents/Our_Project/hadoop-3.0.0-src/hadoop-yarn-project/hadoop-yarn/hadoop-yarn-server/hadoop-yarn-server-nodemanager/target/native/CMakeFiles/CMakeTmp'
Building C object CMakeFiles/cmTC_be080.dir/CheckFunctionExists.c.o
/usr/bin/cc   -DCHECK_FUNCTION_EXISTS=pthread_create   -o CMakeFiles/cmTC_be080.dir/CheckFunctionExists.c.o   -c /usr/share/cmake-3.10/Modules/CheckFunctionExists.c
Linking C executable cmTC_be080
/usr/bin/cmake -E cmake_link_script CMakeFiles/cmTC_be080.dir/link.txt --verbose=1
/usr/bin/cc  -DCHECK_FUNCTION_EXISTS=pthread_create    -rdynamic CMakeFiles/cmTC_be080.dir/CheckFunctionExists.c.o  -o cmTC_be080 -lpthread 
make[1]: Leaving directory '/home/hduser/Documents/Our_Project/hadoop-3.0.0-src/hadoop-yarn-project/hadoop-yarn/hadoop-yarn-server/hadoop-yarn-server-nodemanager/target/native/CMakeFiles/CMakeTmp'


Determining if files sys/types.h;sys/sysctl.h exist passed with the following output:
Change Dir: /home/hduser/Documents/Our_Project/hadoop-3.0.0-src/hadoop-yarn-project/hadoop-yarn/hadoop-yarn-server/hadoop-yarn-server-nodemanager/target/native/CMakeFiles/CMakeTmp

Run Build Command:"/usr/bin/make" "cmTC_9b4b7/fast"
/usr/bin/make -f CMakeFiles/cmTC_9b4b7.dir/build.make CMakeFiles/cmTC_9b4b7.dir/build
make[1]: Entering directory '/home/hduser/Documents/Our_Project/hadoop-3.0.0-src/hadoop-yarn-project/hadoop-yarn/hadoop-yarn-server/hadoop-yarn-server-nodemanager/target/native/CMakeFiles/CMakeTmp'
Building C object CMakeFiles/cmTC_9b4b7.dir/CheckIncludeFiles.c.o
/usr/bin/cc   -g -O2 -Wall -pthread -D_FILE_OFFSET_BITS=64 -D_GNU_SOURCE    -o CMakeFiles/cmTC_9b4b7.dir/CheckIncludeFiles.c.o   -c /home/hduser/Documents/Our_Project/hadoop-3.0.0-src/hadoop-yarn-project/hadoop-yarn/hadoop-yarn-server/hadoop-yarn-server-nodemanager/target/native/CMakeFiles/CMakeTmp/CheckIncludeFiles.c
Linking C executable cmTC_9b4b7
/usr/bin/cmake -E cmake_link_script CMakeFiles/cmTC_9b4b7.dir/link.txt --verbose=1
/usr/bin/cc  -g -O2 -Wall -pthread -D_FILE_OFFSET_BITS=64 -D_GNU_SOURCE     -rdynamic CMakeFiles/cmTC_9b4b7.dir/CheckIncludeFiles.c.o  -o cmTC_9b4b7 
make[1]: Leaving directory '/home/hduser/Documents/Our_Project/hadoop-3.0.0-src/hadoop-yarn-project/hadoop-yarn/hadoop-yarn-server/hadoop-yarn-server-nodemanager/target/native/CMakeFiles/CMakeTmp'


Determining if the function canonicalize_file_name exists passed with the following output:
Change Dir: /home/hduser/Documents/Our_Project/hadoop-3.0.0-src/hadoop-yarn-project/hadoop-yarn/hadoop-yarn-server/hadoop-yarn-server-nodemanager/target/native/CMakeFiles/CMakeTmp

Run Build Command:"/usr/bin/make" "cmTC_938e6/fast"
/usr/bin/make -f CMakeFiles/cmTC_938e6.dir/build.make CMakeFiles/cmTC_938e6.dir/build
make[1]: Entering directory '/home/hduser/Documents/Our_Project/hadoop-3.0.0-src/hadoop-yarn-project/hadoop-yarn/hadoop-yarn-server/hadoop-yarn-server-nodemanager/target/native/CMakeFiles/CMakeTmp'
Building C object CMakeFiles/cmTC_938e6.dir/CheckFunctionExists.c.o
/usr/bin/cc   -g -O2 -Wall -pthread -D_FILE_OFFSET_BITS=64 -D_GNU_SOURCE -DCHECK_FUNCTION_EXISTS=canonicalize_file_name   -o CMakeFiles/cmTC_938e6.dir/CheckFunctionExists.c.o   -c /usr/share/cmake-3.10/Modules/CheckFunctionExists.c
Linking C executable cmTC_938e6
/usr/bin/cmake -E cmake_link_script CMakeFiles/cmTC_938e6.dir/link.txt --verbose=1
/usr/bin/cc  -g -O2 -Wall -pthread -D_FILE_OFFSET_BITS=64 -D_GNU_SOURCE -DCHECK_FUNCTION_EXISTS=canonicalize_file_name    -rdynamic CMakeFiles/cmTC_938e6.dir/CheckFunctionExists.c.o  -o cmTC_938e6 
make[1]: Leaving directory '/home/hduser/Documents/Our_Project/hadoop-3.0.0-src/hadoop-yarn-project/hadoop-yarn/hadoop-yarn-server/hadoop-yarn-server-nodemanager/target/native/CMakeFiles/CMakeTmp'


Determining if the function fcloseall exists passed with the following output:
Change Dir: /home/hduser/Documents/Our_Project/hadoop-3.0.0-src/hadoop-yarn-project/hadoop-yarn/hadoop-yarn-server/hadoop-yarn-server-nodemanager/target/native/CMakeFiles/CMakeTmp

Run Build Command:"/usr/bin/make" "cmTC_663a5/fast"
/usr/bin/make -f CMakeFiles/cmTC_663a5.dir/build.make CMakeFiles/cmTC_663a5.dir/build
make[1]: Entering directory '/home/hduser/Documents/Our_Project/hadoop-3.0.0-src/hadoop-yarn-project/hadoop-yarn/hadoop-yarn-server/hadoop-yarn-server-nodemanager/target/native/CMakeFiles/CMakeTmp'
Building C object CMakeFiles/cmTC_663a5.dir/CheckFunctionExists.c.o
/usr/bin/cc   -g -O2 -Wall -pthread -D_FILE_OFFSET_BITS=64 -D_GNU_SOURCE -DCHECK_FUNCTION_EXISTS=fcloseall   -o CMakeFiles/cmTC_663a5.dir/CheckFunctionExists.c.o   -c /usr/share/cmake-3.10/Modules/CheckFunctionExists.c
Linking C executable cmTC_663a5
/usr/bin/cmake -E cmake_link_script CMakeFiles/cmTC_663a5.dir/link.txt --verbose=1
/usr/bin/cc  -g -O2 -Wall -pthread -D_FILE_OFFSET_BITS=64 -D_GNU_SOURCE -DCHECK_FUNCTION_EXISTS=fcloseall    -rdynamic CMakeFiles/cmTC_663a5.dir/CheckFunctionExists.c.o  -o cmTC_663a5 
make[1]: Leaving directory '/home/hduser/Documents/Our_Project/hadoop-3.0.0-src/hadoop-yarn-project/hadoop-yarn/hadoop-yarn-server/hadoop-yarn-server-nodemanager/target/native/CMakeFiles/CMakeTmp'


Determining if the function fchmodat exists passed with the following output:
Change Dir: /home/hduser/Documents/Our_Project/hadoop-3.0.0-src/hadoop-yarn-project/hadoop-yarn/hadoop-yarn-server/hadoop-yarn-server-nodemanager/target/native/CMakeFiles/CMakeTmp

Run Build Command:"/usr/bin/make" "cmTC_c8c72/fast"
/usr/bin/make -f CMakeFiles/cmTC_c8c72.dir/build.make CMakeFiles/cmTC_c8c72.dir/build
make[1]: Entering directory '/home/hduser/Documents/Our_Project/hadoop-3.0.0-src/hadoop-yarn-project/hadoop-yarn/hadoop-yarn-server/hadoop-yarn-server-nodemanager/target/native/CMakeFiles/CMakeTmp'
Building C object CMakeFiles/cmTC_c8c72.dir/CheckFunctionExists.c.o
/usr/bin/cc   -g -O2 -Wall -pthread -D_FILE_OFFSET_BITS=64 -D_GNU_SOURCE -DCHECK_FUNCTION_EXISTS=fchmodat   -o CMakeFiles/cmTC_c8c72.dir/CheckFunctionExists.c.o   -c /usr/share/cmake-3.10/Modules/CheckFunctionExists.c
Linking C executable cmTC_c8c72
/usr/bin/cmake -E cmake_link_script CMakeFiles/cmTC_c8c72.dir/link.txt --verbose=1
/usr/bin/cc  -g -O2 -Wall -pthread -D_FILE_OFFSET_BITS=64 -D_GNU_SOURCE -DCHECK_FUNCTION_EXISTS=fchmodat    -rdynamic CMakeFiles/cmTC_c8c72.dir/CheckFunctionExists.c.o  -o cmTC_c8c72 
make[1]: Leaving directory '/home/hduser/Documents/Our_Project/hadoop-3.0.0-src/hadoop-yarn-project/hadoop-yarn/hadoop-yarn-server/hadoop-yarn-server-nodemanager/target/native/CMakeFiles/CMakeTmp'


Determining if the function fdopendir exists passed with the following output:
Change Dir: /home/hduser/Documents/Our_Project/hadoop-3.0.0-src/hadoop-yarn-project/hadoop-yarn/hadoop-yarn-server/hadoop-yarn-server-nodemanager/target/native/CMakeFiles/CMakeTmp

Run Build Command:"/usr/bin/make" "cmTC_9dc7a/fast"
/usr/bin/make -f CMakeFiles/cmTC_9dc7a.dir/build.make CMakeFiles/cmTC_9dc7a.dir/build
make[1]: Entering directory '/home/hduser/Documents/Our_Project/hadoop-3.0.0-src/hadoop-yarn-project/hadoop-yarn/hadoop-yarn-server/hadoop-yarn-server-nodemanager/target/native/CMakeFiles/CMakeTmp'
Building C object CMakeFiles/cmTC_9dc7a.dir/CheckFunctionExists.c.o
/usr/bin/cc   -g -O2 -Wall -pthread -D_FILE_OFFSET_BITS=64 -D_GNU_SOURCE -DCHECK_FUNCTION_EXISTS=fdopendir   -o CMakeFiles/cmTC_9dc7a.dir/CheckFunctionExists.c.o   -c /usr/share/cmake-3.10/Modules/CheckFunctionExists.c
Linking C executable cmTC_9dc7a
/usr/bin/cmake -E cmake_link_script CMakeFiles/cmTC_9dc7a.dir/link.txt --verbose=1
/usr/bin/cc  -g -O2 -Wall -pthread -D_FILE_OFFSET_BITS=64 -D_GNU_SOURCE -DCHECK_FUNCTION_EXISTS=fdopendir    -rdynamic CMakeFiles/cmTC_9dc7a.dir/CheckFunctionExists.c.o  -o cmTC_9dc7a 
make[1]: Leaving directory '/home/hduser/Documents/Our_Project/hadoop-3.0.0-src/hadoop-yarn-project/hadoop-yarn/hadoop-yarn-server/hadoop-yarn-server-nodemanager/target/native/CMakeFiles/CMakeTmp'


Determining if the function fstatat exists passed with the following output:
Change Dir: /home/hduser/Documents/Our_Project/hadoop-3.0.0-src/hadoop-yarn-project/hadoop-yarn/hadoop-yarn-server/hadoop-yarn-server-nodemanager/target/native/CMakeFiles/CMakeTmp

Run Build Command:"/usr/bin/make" "cmTC_75468/fast"
/usr/bin/make -f CMakeFiles/cmTC_75468.dir/build.make CMakeFiles/cmTC_75468.dir/build
make[1]: Entering directory '/home/hduser/Documents/Our_Project/hadoop-3.0.0-src/hadoop-yarn-project/hadoop-yarn/hadoop-yarn-server/hadoop-yarn-server-nodemanager/target/native/CMakeFiles/CMakeTmp'
Building C object CMakeFiles/cmTC_75468.dir/CheckFunctionExists.c.o
/usr/bin/cc   -g -O2 -Wall -pthread -D_FILE_OFFSET_BITS=64 -D_GNU_SOURCE -DCHECK_FUNCTION_EXISTS=fstatat   -o CMakeFiles/cmTC_75468.dir/CheckFunctionExists.c.o   -c /usr/share/cmake-3.10/Modules/CheckFunctionExists.c
Linking C executable cmTC_75468
/usr/bin/cmake -E cmake_link_script CMakeFiles/cmTC_75468.dir/link.txt --verbose=1
/usr/bin/cc  -g -O2 -Wall -pthread -D_FILE_OFFSET_BITS=64 -D_GNU_SOURCE -DCHECK_FUNCTION_EXISTS=fstatat    -rdynamic CMakeFiles/cmTC_75468.dir/CheckFunctionExists.c.o  -o cmTC_75468 
make[1]: Leaving directory '/home/hduser/Documents/Our_Project/hadoop-3.0.0-src/hadoop-yarn-project/hadoop-yarn/hadoop-yarn-server/hadoop-yarn-server-nodemanager/target/native/CMakeFiles/CMakeTmp'


Determining if the function openat exists passed with the following output:
Change Dir: /home/hduser/Documents/Our_Project/hadoop-3.0.0-src/hadoop-yarn-project/hadoop-yarn/hadoop-yarn-server/hadoop-yarn-server-nodemanager/target/native/CMakeFiles/CMakeTmp

Run Build Command:"/usr/bin/make" "cmTC_22d41/fast"
/usr/bin/make -f CMakeFiles/cmTC_22d41.dir/build.make CMakeFiles/cmTC_22d41.dir/build
make[1]: Entering directory '/home/hduser/Documents/Our_Project/hadoop-3.0.0-src/hadoop-yarn-project/hadoop-yarn/hadoop-yarn-server/hadoop-yarn-server-nodemanager/target/native/CMakeFiles/CMakeTmp'
Building C object CMakeFiles/cmTC_22d41.dir/CheckFunctionExists.c.o
/usr/bin/cc   -g -O2 -Wall -pthread -D_FILE_OFFSET_BITS=64 -D_GNU_SOURCE -DCHECK_FUNCTION_EXISTS=openat   -o CMakeFiles/cmTC_22d41.dir/CheckFunctionExists.c.o   -c /usr/share/cmake-3.10/Modules/CheckFunctionExists.c
Linking C executable cmTC_22d41
/usr/bin/cmake -E cmake_link_script CMakeFiles/cmTC_22d41.dir/link.txt --verbose=1
/usr/bin/cc  -g -O2 -Wall -pthread -D_FILE_OFFSET_BITS=64 -D_GNU_SOURCE -DCHECK_FUNCTION_EXISTS=openat    -rdynamic CMakeFiles/cmTC_22d41.dir/CheckFunctionExists.c.o  -o cmTC_22d41 
make[1]: Leaving directory '/home/hduser/Documents/Our_Project/hadoop-3.0.0-src/hadoop-yarn-project/hadoop-yarn/hadoop-yarn-server/hadoop-yarn-server-nodemanager/target/native/CMakeFiles/CMakeTmp'


Determining if the function unlinkat exists passed with the following output:
Change Dir: /home/hduser/Documents/Our_Project/hadoop-3.0.0-src/hadoop-yarn-project/hadoop-yarn/hadoop-yarn-server/hadoop-yarn-server-nodemanager/target/native/CMakeFiles/CMakeTmp

Run Build Command:"/usr/bin/make" "cmTC_610d1/fast"
/usr/bin/make -f CMakeFiles/cmTC_610d1.dir/build.make CMakeFiles/cmTC_610d1.dir/build
make[1]: Entering directory '/home/hduser/Documents/Our_Project/hadoop-3.0.0-src/hadoop-yarn-project/hadoop-yarn/hadoop-yarn-server/hadoop-yarn-server-nodemanager/target/native/CMakeFiles/CMakeTmp'
Building C object CMakeFiles/cmTC_610d1.dir/CheckFunctionExists.c.o
/usr/bin/cc   -g -O2 -Wall -pthread -D_FILE_OFFSET_BITS=64 -D_GNU_SOURCE -DCHECK_FUNCTION_EXISTS=unlinkat   -o CMakeFiles/cmTC_610d1.dir/CheckFunctionExists.c.o   -c /usr/share/cmake-3.10/Modules/CheckFunctionExists.c
Linking C executable cmTC_610d1
/usr/bin/cmake -E cmake_link_script CMakeFiles/cmTC_610d1.dir/link.txt --verbose=1
/usr/bin/cc  -g -O2 -Wall -pthread -D_FILE_OFFSET_BITS=64 -D_GNU_SOURCE -DCHECK_FUNCTION_EXISTS=unlinkat    -rdynamic CMakeFiles/cmTC_610d1.dir/CheckFunctionExists.c.o  -o cmTC_610d1 
make[1]: Leaving directory '/home/hduser/Documents/Our_Project/hadoop-3.0.0-src/hadoop-yarn-project/hadoop-yarn/hadoop-yarn-server/hadoop-yarn-server-nodemanager/target/native/CMakeFiles/CMakeTmp'


Determining if the sysctl exist passed with the following output:
Change Dir: /home/hduser/Documents/Our_Project/hadoop-3.0.0-src/hadoop-yarn-project/hadoop-yarn/hadoop-yarn-server/hadoop-yarn-server-nodemanager/target/native/CMakeFiles/CMakeTmp

Run Build Command:"/usr/bin/make" "cmTC_419b2/fast"
/usr/bin/make -f CMakeFiles/cmTC_419b2.dir/build.make CMakeFiles/cmTC_419b2.dir/build
make[1]: Entering directory '/home/hduser/Documents/Our_Project/hadoop-3.0.0-src/hadoop-yarn-project/hadoop-yarn/hadoop-yarn-server/hadoop-yarn-server-nodemanager/target/native/CMakeFiles/CMakeTmp'
Building C object CMakeFiles/cmTC_419b2.dir/CheckSymbolExists.c.o
/usr/bin/cc   -g -O2 -Wall -pthread -D_FILE_OFFSET_BITS=64 -D_GNU_SOURCE    -o CMakeFiles/cmTC_419b2.dir/CheckSymbolExists.c.o   -c /home/hduser/Documents/Our_Project/hadoop-3.0.0-src/hadoop-yarn-project/hadoop-yarn/hadoop-yarn-server/hadoop-yarn-server-nodemanager/target/native/CMakeFiles/CMakeTmp/CheckSymbolExists.c
Linking C executable cmTC_419b2
/usr/bin/cmake -E cmake_link_script CMakeFiles/cmTC_419b2.dir/link.txt --verbose=1
/usr/bin/cc  -g -O2 -Wall -pthread -D_FILE_OFFSET_BITS=64 -D_GNU_SOURCE     -rdynamic CMakeFiles/cmTC_419b2.dir/CheckSymbolExists.c.o  -o cmTC_419b2 
make[1]: Leaving directory '/home/hduser/Documents/Our_Project/hadoop-3.0.0-src/hadoop-yarn-project/hadoop-yarn/hadoop-yarn-server/hadoop-yarn-server-nodemanager/target/native/CMakeFiles/CMakeTmp'

File /home/hduser/Documents/Our_Project/hadoop-3.0.0-src/hadoop-yarn-project/hadoop-yarn/hadoop-yarn-server/hadoop-yarn-server-nodemanager/target/native/CMakeFiles/CMakeTmp/CheckSymbolExists.c:
/* */
#include <sys/types.h>
#include <sys/sysctl.h>

int main(int argc, char** argv)
{
  (void)argv;
#ifndef sysctl
  return ((int*)(&sysctl))[argc];
#else
  (void)argc;
  return 0;
#endif
}

Performing C SOURCE FILE Test STACKRESULT succeeded with the following output:
Change Dir: /home/hduser/Documents/Our_Project/hadoop-3.0.0-src/hadoop-yarn-project/hadoop-yarn/hadoop-yarn-server/hadoop-yarn-server-nodemanager/target/native/CMakeFiles/CMakeTmp

Run Build Command:"/usr/bin/make" "cmTC_c0648/fast"
/usr/bin/make -f CMakeFiles/cmTC_c0648.dir/build.make CMakeFiles/cmTC_c0648.dir/build
make[1]: Entering directory '/home/hduser/Documents/Our_Project/hadoop-3.0.0-src/hadoop-yarn-project/hadoop-yarn/hadoop-yarn-server/hadoop-yarn-server-nodemanager/target/native/CMakeFiles/CMakeTmp'
Building C object CMakeFiles/cmTC_c0648.dir/src.c.o
/usr/bin/cc   -g -O2 -Wall -pthread -D_FILE_OFFSET_BITS=64 -D_GNU_SOURCE -DSTACKRESULT   -fstack-check -o CMakeFiles/cmTC_c0648.dir/src.c.o   -c /home/hduser/Documents/Our_Project/hadoop-3.0.0-src/hadoop-yarn-project/hadoop-yarn/hadoop-yarn-server/hadoop-yarn-server-nodemanager/target/native/CMakeFiles/CMakeTmp/src.c
Linking C executable cmTC_c0648
/usr/bin/cmake -E cmake_link_script CMakeFiles/cmTC_c0648.dir/link.txt --verbose=1
/usr/bin/cc  -g -O2 -Wall -pthread -D_FILE_OFFSET_BITS=64 -D_GNU_SOURCE -DSTACKRESULT    -rdynamic CMakeFiles/cmTC_c0648.dir/src.c.o  -o cmTC_c0648 
make[1]: Leaving directory '/home/hduser/Documents/Our_Project/hadoop-3.0.0-src/hadoop-yarn-project/hadoop-yarn/hadoop-yarn-server/hadoop-yarn-server-nodemanager/target/native/CMakeFiles/CMakeTmp'

Source file was:
int main(void) { return 0; }
