Determining if the pthread_create exist failed with the following output:
Change Dir: /home/hduser/Documents/Our_Project/hadoop-3.0.0-src/hadoop-yarn-project/hadoop-yarn/hadoop-yarn-server/hadoop-yarn-server-nodemanager/target/native/CMakeFiles/CMakeTmp

Run Build Command:"/usr/bin/make" "cmTC_9129b/fast"
/usr/bin/make -f CMakeFiles/cmTC_9129b.dir/build.make CMakeFiles/cmTC_9129b.dir/build
make[1]: Entering directory '/home/hduser/Documents/Our_Project/hadoop-3.0.0-src/hadoop-yarn-project/hadoop-yarn/hadoop-yarn-server/hadoop-yarn-server-nodemanager/target/native/CMakeFiles/CMakeTmp'
Building C object CMakeFiles/cmTC_9129b.dir/CheckSymbolExists.c.o
/usr/bin/cc    -o CMakeFiles/cmTC_9129b.dir/CheckSymbolExists.c.o   -c /home/hduser/Documents/Our_Project/hadoop-3.0.0-src/hadoop-yarn-project/hadoop-yarn/hadoop-yarn-server/hadoop-yarn-server-nodemanager/target/native/CMakeFiles/CMakeTmp/CheckSymbolExists.c
Linking C executable cmTC_9129b
/usr/bin/cmake -E cmake_link_script CMakeFiles/cmTC_9129b.dir/link.txt --verbose=1
/usr/bin/cc      -rdynamic CMakeFiles/cmTC_9129b.dir/CheckSymbolExists.c.o  -o cmTC_9129b 
CMakeFiles/cmTC_9129b.dir/CheckSymbolExists.c.o: In function `main':
CheckSymbolExists.c:(.text+0x1b): undefined reference to `pthread_create'
collect2: error: ld returned 1 exit status
CMakeFiles/cmTC_9129b.dir/build.make:97: recipe for target 'cmTC_9129b' failed
make[1]: *** [cmTC_9129b] Error 1
make[1]: Leaving directory '/home/hduser/Documents/Our_Project/hadoop-3.0.0-src/hadoop-yarn-project/hadoop-yarn/hadoop-yarn-server/hadoop-yarn-server-nodemanager/target/native/CMakeFiles/CMakeTmp'
Makefile:126: recipe for target 'cmTC_9129b/fast' failed
make: *** [cmTC_9129b/fast] Error 2

File /home/hduser/Documents/Our_Project/hadoop-3.0.0-src/hadoop-yarn-project/hadoop-yarn/hadoop-yarn-server/hadoop-yarn-server-nodemanager/target/native/CMakeFiles/CMakeTmp/CheckSymbolExists.c:
/* */
#include <pthread.h>

int main(int argc, char** argv)
{
  (void)argv;
#ifndef pthread_create
  return ((int*)(&pthread_create))[argc];
#else
  (void)argc;
  return 0;
#endif
}

Determining if the function pthread_create exists in the pthreads failed with the following output:
Change Dir: /home/hduser/Documents/Our_Project/hadoop-3.0.0-src/hadoop-yarn-project/hadoop-yarn/hadoop-yarn-server/hadoop-yarn-server-nodemanager/target/native/CMakeFiles/CMakeTmp

Run Build Command:"/usr/bin/make" "cmTC_ab509/fast"
/usr/bin/make -f CMakeFiles/cmTC_ab509.dir/build.make CMakeFiles/cmTC_ab509.dir/build
make[1]: Entering directory '/home/hduser/Documents/Our_Project/hadoop-3.0.0-src/hadoop-yarn-project/hadoop-yarn/hadoop-yarn-server/hadoop-yarn-server-nodemanager/target/native/CMakeFiles/CMakeTmp'
Building C object CMakeFiles/cmTC_ab509.dir/CheckFunctionExists.c.o
/usr/bin/cc   -DCHECK_FUNCTION_EXISTS=pthread_create   -o CMakeFiles/cmTC_ab509.dir/CheckFunctionExists.c.o   -c /usr/share/cmake-3.10/Modules/CheckFunctionExists.c
Linking C executable cmTC_ab509
/usr/bin/cmake -E cmake_link_script CMakeFiles/cmTC_ab509.dir/link.txt --verbose=1
/usr/bin/cc  -DCHECK_FUNCTION_EXISTS=pthread_create    -rdynamic CMakeFiles/cmTC_ab509.dir/CheckFunctionExists.c.o  -o cmTC_ab509 -lpthreads 
/usr/bin/ld: cannot find -lpthreads
collect2: error: ld returned 1 exit status
CMakeFiles/cmTC_ab509.dir/build.make:97: recipe for target 'cmTC_ab509' failed
make[1]: *** [cmTC_ab509] Error 1
make[1]: Leaving directory '/home/hduser/Documents/Our_Project/hadoop-3.0.0-src/hadoop-yarn-project/hadoop-yarn/hadoop-yarn-server/hadoop-yarn-server-nodemanager/target/native/CMakeFiles/CMakeTmp'
Makefile:126: recipe for target 'cmTC_ab509/fast' failed
make: *** [cmTC_ab509/fast] Error 2


