Determining if the pthread_create exist failed with the following output:
Change Dir: /home/hduser/Documents/Our_Project/hadoop-3.0.0-src/hadoop-common-project/hadoop-common/target/native/CMakeFiles/CMakeTmp

Run Build Command:"/usr/bin/make" "cmTC_e4f9a/fast"
/usr/bin/make -f CMakeFiles/cmTC_e4f9a.dir/build.make CMakeFiles/cmTC_e4f9a.dir/build
make[1]: Entering directory '/home/hduser/Documents/Our_Project/hadoop-3.0.0-src/hadoop-common-project/hadoop-common/target/native/CMakeFiles/CMakeTmp'
Building C object CMakeFiles/cmTC_e4f9a.dir/CheckSymbolExists.c.o
/usr/bin/cc    -o CMakeFiles/cmTC_e4f9a.dir/CheckSymbolExists.c.o   -c /home/hduser/Documents/Our_Project/hadoop-3.0.0-src/hadoop-common-project/hadoop-common/target/native/CMakeFiles/CMakeTmp/CheckSymbolExists.c
Linking C executable cmTC_e4f9a
/usr/bin/cmake -E cmake_link_script CMakeFiles/cmTC_e4f9a.dir/link.txt --verbose=1
/usr/bin/cc      -rdynamic CMakeFiles/cmTC_e4f9a.dir/CheckSymbolExists.c.o  -o cmTC_e4f9a 
CMakeFiles/cmTC_e4f9a.dir/CheckSymbolExists.c.o: In function `main':
CheckSymbolExists.c:(.text+0x1b): undefined reference to `pthread_create'
collect2: error: ld returned 1 exit status
CMakeFiles/cmTC_e4f9a.dir/build.make:97: recipe for target 'cmTC_e4f9a' failed
make[1]: *** [cmTC_e4f9a] Error 1
make[1]: Leaving directory '/home/hduser/Documents/Our_Project/hadoop-3.0.0-src/hadoop-common-project/hadoop-common/target/native/CMakeFiles/CMakeTmp'
Makefile:126: recipe for target 'cmTC_e4f9a/fast' failed
make: *** [cmTC_e4f9a/fast] Error 2

File /home/hduser/Documents/Our_Project/hadoop-3.0.0-src/hadoop-common-project/hadoop-common/target/native/CMakeFiles/CMakeTmp/CheckSymbolExists.c:
/* */
#include <pthread.h>

int main(int argc, char** argv)
{
  (void)argv;
#ifndef pthread_create
  return ((int*)(&pthread_create))[argc];
#else
  (void)argc;
  return 0;
#endif
}

Determining if the function pthread_create exists in the pthreads failed with the following output:
Change Dir: /home/hduser/Documents/Our_Project/hadoop-3.0.0-src/hadoop-common-project/hadoop-common/target/native/CMakeFiles/CMakeTmp

Run Build Command:"/usr/bin/make" "cmTC_a36bc/fast"
/usr/bin/make -f CMakeFiles/cmTC_a36bc.dir/build.make CMakeFiles/cmTC_a36bc.dir/build
make[1]: Entering directory '/home/hduser/Documents/Our_Project/hadoop-3.0.0-src/hadoop-common-project/hadoop-common/target/native/CMakeFiles/CMakeTmp'
Building C object CMakeFiles/cmTC_a36bc.dir/CheckFunctionExists.c.o
/usr/bin/cc   -DCHECK_FUNCTION_EXISTS=pthread_create   -o CMakeFiles/cmTC_a36bc.dir/CheckFunctionExists.c.o   -c /usr/share/cmake-3.10/Modules/CheckFunctionExists.c
Linking C executable cmTC_a36bc
/usr/bin/cmake -E cmake_link_script CMakeFiles/cmTC_a36bc.dir/link.txt --verbose=1
/usr/bin/cc  -DCHECK_FUNCTION_EXISTS=pthread_create    -rdynamic CMakeFiles/cmTC_a36bc.dir/CheckFunctionExists.c.o  -o cmTC_a36bc -lpthreads 
/usr/bin/ld: cannot find -lpthreads
collect2: error: ld returned 1 exit status
CMakeFiles/cmTC_a36bc.dir/build.make:97: recipe for target 'cmTC_a36bc' failed
make[1]: *** [cmTC_a36bc] Error 1
make[1]: Leaving directory '/home/hduser/Documents/Our_Project/hadoop-3.0.0-src/hadoop-common-project/hadoop-common/target/native/CMakeFiles/CMakeTmp'
Makefile:126: recipe for target 'cmTC_a36bc/fast' failed
make: *** [cmTC_a36bc/fast] Error 2


