Determining if the pthread_create exist failed with the following output:
Change Dir: /home/hduser/Documents/Our_Project/hadoop-3.0.0-src/hadoop-mapreduce-project/hadoop-mapreduce-client/hadoop-mapreduce-client-nativetask/target/native/CMakeFiles/CMakeTmp

Run Build Command:"/usr/bin/make" "cmTC_9f8f3/fast"
/usr/bin/make -f CMakeFiles/cmTC_9f8f3.dir/build.make CMakeFiles/cmTC_9f8f3.dir/build
make[1]: Entering directory '/home/hduser/Documents/Our_Project/hadoop-3.0.0-src/hadoop-mapreduce-project/hadoop-mapreduce-client/hadoop-mapreduce-client-nativetask/target/native/CMakeFiles/CMakeTmp'
Building C object CMakeFiles/cmTC_9f8f3.dir/CheckSymbolExists.c.o
/usr/bin/cc    -o CMakeFiles/cmTC_9f8f3.dir/CheckSymbolExists.c.o   -c /home/hduser/Documents/Our_Project/hadoop-3.0.0-src/hadoop-mapreduce-project/hadoop-mapreduce-client/hadoop-mapreduce-client-nativetask/target/native/CMakeFiles/CMakeTmp/CheckSymbolExists.c
Linking C executable cmTC_9f8f3
/usr/bin/cmake -E cmake_link_script CMakeFiles/cmTC_9f8f3.dir/link.txt --verbose=1
/usr/bin/cc      -rdynamic CMakeFiles/cmTC_9f8f3.dir/CheckSymbolExists.c.o  -o cmTC_9f8f3 
CMakeFiles/cmTC_9f8f3.dir/CheckSymbolExists.c.o: In function `main':
CheckSymbolExists.c:(.text+0x1b): undefined reference to `pthread_create'
collect2: error: ld returned 1 exit status
CMakeFiles/cmTC_9f8f3.dir/build.make:97: recipe for target 'cmTC_9f8f3' failed
make[1]: *** [cmTC_9f8f3] Error 1
make[1]: Leaving directory '/home/hduser/Documents/Our_Project/hadoop-3.0.0-src/hadoop-mapreduce-project/hadoop-mapreduce-client/hadoop-mapreduce-client-nativetask/target/native/CMakeFiles/CMakeTmp'
Makefile:126: recipe for target 'cmTC_9f8f3/fast' failed
make: *** [cmTC_9f8f3/fast] Error 2

File /home/hduser/Documents/Our_Project/hadoop-3.0.0-src/hadoop-mapreduce-project/hadoop-mapreduce-client/hadoop-mapreduce-client-nativetask/target/native/CMakeFiles/CMakeTmp/CheckSymbolExists.c:
/* */
#include <pthread.h>

int main(int argc, char** argv)
{
  (void)argv;
#ifndef pthread_create
  return ((int*)(&pthread_create))[argc];
#else
  (void)argc;
  return 0;
#endif
}

Determining if the function pthread_create exists in the pthreads failed with the following output:
Change Dir: /home/hduser/Documents/Our_Project/hadoop-3.0.0-src/hadoop-mapreduce-project/hadoop-mapreduce-client/hadoop-mapreduce-client-nativetask/target/native/CMakeFiles/CMakeTmp

Run Build Command:"/usr/bin/make" "cmTC_7b885/fast"
/usr/bin/make -f CMakeFiles/cmTC_7b885.dir/build.make CMakeFiles/cmTC_7b885.dir/build
make[1]: Entering directory '/home/hduser/Documents/Our_Project/hadoop-3.0.0-src/hadoop-mapreduce-project/hadoop-mapreduce-client/hadoop-mapreduce-client-nativetask/target/native/CMakeFiles/CMakeTmp'
Building C object CMakeFiles/cmTC_7b885.dir/CheckFunctionExists.c.o
/usr/bin/cc   -DCHECK_FUNCTION_EXISTS=pthread_create   -o CMakeFiles/cmTC_7b885.dir/CheckFunctionExists.c.o   -c /usr/share/cmake-3.10/Modules/CheckFunctionExists.c
Linking C executable cmTC_7b885
/usr/bin/cmake -E cmake_link_script CMakeFiles/cmTC_7b885.dir/link.txt --verbose=1
/usr/bin/cc  -DCHECK_FUNCTION_EXISTS=pthread_create    -rdynamic CMakeFiles/cmTC_7b885.dir/CheckFunctionExists.c.o  -o cmTC_7b885 -lpthreads 
/usr/bin/ld: cannot find -lpthreads
collect2: error: ld returned 1 exit status
CMakeFiles/cmTC_7b885.dir/build.make:97: recipe for target 'cmTC_7b885' failed
make[1]: *** [cmTC_7b885] Error 1
make[1]: Leaving directory '/home/hduser/Documents/Our_Project/hadoop-3.0.0-src/hadoop-mapreduce-project/hadoop-mapreduce-client/hadoop-mapreduce-client-nativetask/target/native/CMakeFiles/CMakeTmp'
Makefile:126: recipe for target 'cmTC_7b885/fast' failed
make: *** [cmTC_7b885/fast] Error 2


Determining if files mach/mach.h exist failed with the following output:
Change Dir: /home/hduser/Documents/Our_Project/hadoop-3.0.0-src/hadoop-mapreduce-project/hadoop-mapreduce-client/hadoop-mapreduce-client-nativetask/target/native/CMakeFiles/CMakeTmp

Run Build Command:"/usr/bin/make" "cmTC_63bd9/fast"
/usr/bin/make -f CMakeFiles/cmTC_63bd9.dir/build.make CMakeFiles/cmTC_63bd9.dir/build
make[1]: Entering directory '/home/hduser/Documents/Our_Project/hadoop-3.0.0-src/hadoop-mapreduce-project/hadoop-mapreduce-client/hadoop-mapreduce-client-nativetask/target/native/CMakeFiles/CMakeTmp'
Building C object CMakeFiles/cmTC_63bd9.dir/CheckIncludeFiles.c.o
/usr/bin/cc   -g -O2 -Wall -pthread -D_FILE_OFFSET_BITS=64 -D_GNU_SOURCE -DNDEBUG -DSIMPLE_MEMCPY -fno-strict-aliasing -fsigned-char    -o CMakeFiles/cmTC_63bd9.dir/CheckIncludeFiles.c.o   -c /home/hduser/Documents/Our_Project/hadoop-3.0.0-src/hadoop-mapreduce-project/hadoop-mapreduce-client/hadoop-mapreduce-client-nativetask/target/native/CMakeFiles/CMakeTmp/CheckIncludeFiles.c
/home/hduser/Documents/Our_Project/hadoop-3.0.0-src/hadoop-mapreduce-project/hadoop-mapreduce-client/hadoop-mapreduce-client-nativetask/target/native/CMakeFiles/CMakeTmp/CheckIncludeFiles.c:2:10: fatal error: mach/mach.h: No such file or directory
 #include <mach/mach.h>
          ^~~~~~~~~~~~~
compilation terminated.
CMakeFiles/cmTC_63bd9.dir/build.make:65: recipe for target 'CMakeFiles/cmTC_63bd9.dir/CheckIncludeFiles.c.o' failed
make[1]: *** [CMakeFiles/cmTC_63bd9.dir/CheckIncludeFiles.c.o] Error 1
make[1]: Leaving directory '/home/hduser/Documents/Our_Project/hadoop-3.0.0-src/hadoop-mapreduce-project/hadoop-mapreduce-client/hadoop-mapreduce-client-nativetask/target/native/CMakeFiles/CMakeTmp'
Makefile:126: recipe for target 'cmTC_63bd9/fast' failed
make: *** [cmTC_63bd9/fast] Error 2

Source:
/* */
#include <mach/mach.h>


int main(void){return 0;}

